This file contains any messages produced by compilers while
running configure, to aid debugging if configure makes a mistake.

It was created by QCDNUM configure 18-00-00, which was
generated by GNU Autoconf 2.71.  Invocation command line was

  $ ./configure --prefix=/u/home/m/maxzhang/project-zkang/Nuclear-TMDs/..

## --------- ##
## Platform. ##
## --------- ##

hostname = login4
uname -m = x86_64
uname -r = 3.10.0-1160.95.1.el7.x86_64
uname -s = Linux
uname -v = #1 SMP Mon Jul 24 13:59:37 UTC 2023

/usr/bin/uname -p = x86_64
/bin/uname -X     = unknown

/bin/arch              = x86_64
/usr/bin/arch -k       = unknown
/usr/convex/getsysinfo = unknown
/usr/bin/hostinfo      = unknown
/bin/machine           = unknown
/usr/bin/oslevel       = unknown
/bin/universe          = unknown

PATH: /u/local/apps/python/2.7.18/gcc-4.8.5/bin/
PATH: /u/local/compilers/gcc/4.9.3/bin/
PATH: /u/local/compilers/intel/2020.4/compilers_and_libraries_2020.4.304/linux/bin/intel64/
PATH: /u/local/compilers/intel/2020.4/compilers_and_libraries_2020.4.304/linux/bin/
PATH: /u/local/compilers/intel/2020.4/compilers_and_libraries_2020.4.304/linux/mpi/intel64/libfabric/bin/
PATH: /u/local/compilers/intel/2020.4/compilers_and_libraries_2020.4.304/linux/mpi/intel64/bin/
PATH: /u/local/compilers/intel/2020.4/debugger_2020/gdb/intel64/bin/
PATH: /u/systems/UGE8.6.4/bin/lx-amd64/
PATH: /u/local/bin/
PATH: /u/local/sbin/
PATH: /u/local/Modules/4.7.0/gcc-4.8.5/bin/
PATH: /usr/local/bin/
PATH: /usr/bin/
PATH: /usr/local/sbin/
PATH: /usr/sbin/
PATH: /u/home/m/maxzhang/bin/
PATH: /u/home/m/maxzhang/project-zkang/bin/
PATH: /u/home/m/maxzhang/project-zkang/lib/


## ----------- ##
## Core tests. ##
## ----------- ##

configure:2821: looking for aux files: ltmain.sh compile config.guess config.sub missing install-sh
configure:2834:  trying ./
configure:2863:   ./ltmain.sh found
configure:2863:   ./compile found
configure:2863:   ./config.guess found
configure:2863:   ./config.sub found
configure:2863:   ./missing found
configure:2845:   ./install-sh found
configure:2993: checking for a BSD-compatible install
configure:3066: result: /usr/bin/install -c
configure:3077: checking whether build environment is sane
configure:3132: result: yes
configure:3291: checking for a race-free mkdir -p
configure:3335: result: /usr/bin/mkdir -p
configure:3342: checking for gawk
configure:3363: found /usr/bin/gawk
configure:3374: result: gawk
configure:3385: checking whether make sets $(MAKE)
configure:3408: result: yes
configure:3438: checking whether make supports nested variables
configure:3456: result: yes
configure:3604: checking whether make supports nested variables
configure:3622: result: yes
configure:3634: checking whether to enable maintainer-specific portions of Makefiles
configure:3644: result: no
configure:3786: checking for C++ compiler version
configure:3795: /u/local/compilers/gcc/4.9.3/bin/g++ --version >&5
g++ (GCC) 4.9.3
Copyright (C) 2015 Free Software Foundation, Inc.
This is free software; see the source for copying conditions.  There is NO
warranty; not even for MERCHANTABILITY or FITNESS FOR A PARTICULAR PURPOSE.

configure:3806: $? = 0
configure:3795: /u/local/compilers/gcc/4.9.3/bin/g++ -v >&5
Using built-in specs.
COLLECT_GCC=/u/local/compilers/gcc/4.9.3/bin/g++
COLLECT_LTO_WRAPPER=/u/local/compilers/gcc/4.9.3/libexec/gcc/x86_64-unknown-linux-gnu/4.9.3/lto-wrapper
Target: x86_64-unknown-linux-gnu
Configured with: ./configure --prefix=/u/local/compilers/gcc/4.9.3 --enable-bootstrap --enable-shared --enable-threads=posix --enable-languages=c,c++,fortran
Thread model: posix
gcc version 4.9.3 (GCC) 
configure:3806: $? = 0
configure:3795: /u/local/compilers/gcc/4.9.3/bin/g++ -V >&5
g++: error: unrecognized command line option '-V'
g++: fatal error: no input files
compilation terminated.
configure:3806: $? = 1
configure:3795: /u/local/compilers/gcc/4.9.3/bin/g++ -qversion >&5
g++: error: unrecognized command line option '-qversion'
g++: fatal error: no input files
compilation terminated.
configure:3806: $? = 1
configure:3826: checking whether the C++ compiler works
configure:3848: /u/local/compilers/gcc/4.9.3/bin/g++    conftest.cpp  >&5
configure:3852: $? = 0
configure:3902: result: yes
configure:3905: checking for C++ compiler default output file name
configure:3907: result: a.out
configure:3913: checking for suffix of executables
configure:3920: /u/local/compilers/gcc/4.9.3/bin/g++ -o conftest    conftest.cpp  >&5
configure:3924: $? = 0
configure:3947: result: 
configure:3969: checking whether we are cross compiling
configure:3977: /u/local/compilers/gcc/4.9.3/bin/g++ -o conftest    conftest.cpp  >&5
configure:3981: $? = 0
configure:3988: ./conftest
configure:3992: $? = 0
configure:4007: result: no
configure:4012: checking for suffix of object files
configure:4035: /u/local/compilers/gcc/4.9.3/bin/g++ -c   conftest.cpp >&5
configure:4039: $? = 0
configure:4061: result: o
configure:4065: checking whether the compiler supports GNU C++
configure:4085: /u/local/compilers/gcc/4.9.3/bin/g++ -c   conftest.cpp >&5
configure:4085: $? = 0
configure:4095: result: yes
configure:4106: checking whether /u/local/compilers/gcc/4.9.3/bin/g++ accepts -g
configure:4127: /u/local/compilers/gcc/4.9.3/bin/g++ -c -g  conftest.cpp >&5
configure:4127: $? = 0
configure:4171: result: yes
configure:4191: checking for /u/local/compilers/gcc/4.9.3/bin/g++ option to enable C++11 features
configure:4206: /u/local/compilers/gcc/4.9.3/bin/g++  -c -g -O2  conftest.cpp >&5
conftest.cpp:57:3: error: #error "Compiler does not advertise C++11 conformance"
 # error "Compiler does not advertise C++11 conformance"
   ^
conftest.cpp:62:3: error: 'constexpr' does not name a type
   constexpr int get_val() { return 20; }
   ^
conftest.cpp:62:3: note: C++11 'constexpr' only available with -std=c++11 or -std=gnu++11
conftest.cpp: In constructor 'cxx11test::delegate::delegate()':
conftest.cpp:74:30: warning: delegating constructors only available with -std=c++11 or -std=gnu++11
     delegate(): delegate(2354) {}
                              ^
conftest.cpp: At global scope:
conftest.cpp:85:24: warning: override controls (override/final) only available with -std=c++11 or -std=gnu++11
     virtual int getval() override final { return this->n * 2; }
                        ^
conftest.cpp:85:26: warning: override controls (override/final) only available with -std=c++11 or -std=gnu++11
     virtual int getval() override final { return this->n * 2; }
                          ^
conftest.cpp:92:16: warning: defaulted and deleted functions only available with -std=c++11 or -std=gnu++11
     nocopy() = default;
                ^
conftest.cpp:93:29: warning: defaulted and deleted functions only available with -std=c++11 or -std=gnu++11
     nocopy(const nocopy&) = delete;
                             ^
conftest.cpp:94:41: warning: defaulted and deleted functions only available with -std=c++11 or -std=gnu++11
     nocopy & operator=(const nocopy&) = delete;
                                         ^
conftest.cpp:106:46: error: ISO C++ forbids declaration of 'sum' with no type [-fpermissive]
   template <typename V> auto sum(V first) -> V
                                              ^
conftest.cpp:106:46: error: top-level declaration of 'sum' specifies 'auto'
conftest.cpp:106:46: error: trailing return type only available with -std=c++11 or -std=gnu++11
conftest.cpp:110:33: warning: variadic templates only available with -std=c++11 or -std=gnu++11
   template <typename V, typename... Args> auto sum(V first, Args... rest) -> V
                                 ^
conftest.cpp:110:69: warning: variadic templates only available with -std=c++11 or -std=gnu++11
   template <typename V, typename... Args> auto sum(V first, Args... rest) -> V
                                                                     ^
conftest.cpp:110:78: error: ISO C++ forbids declaration of 'sum' with no type [-fpermissive]
   template <typename V, typename... Args> auto sum(V first, Args... rest) -> V
                                                                              ^
conftest.cpp:110:78: error: top-level declaration of 'sum' specifies 'auto'
conftest.cpp:110:78: error: trailing return type only available with -std=c++11 or -std=gnu++11
conftest.cpp: In function 'int main(int, char**)':
conftest.cpp:134:8: error: 'a1' does not name a type
   auto a1 = 6538;
        ^
conftest.cpp:135:8: error: 'a2' does not name a type
   auto a2 = 48573953.4;
        ^
conftest.cpp:136:8: error: 'a3' does not name a type
   auto a3 = "String literal";
        ^
conftest.cpp:139:13: error: 'i' does not name a type
   for (auto i = a3; *i; ++i) { total += *i; }
             ^
conftest.cpp:139:21: error: expected ';' before '*' token
   for (auto i = a3; *i; ++i) { total += *i; }
                     ^
conftest.cpp:139:22: error: 'i' was not declared in this scope
   for (auto i = a3; *i; ++i) { total += *i; }
                      ^
conftest.cpp:141:12: error: 'a2' was not declared in this scope
   decltype(a2) a4 = 34895.034;
            ^
conftest.cpp:141:14: error: 'decltype' was not declared in this scope
   decltype(a2) a4 = 34895.034;
              ^
conftest.cpp:145:12: error: 'get_val' is not a member of 'cxx11test'
   short sa[cxx11test::get_val()] = { 0 };
            ^
conftest.cpp:155:14: error: ISO C++ forbids declaration of 'x' with no type [-fpermissive]
   for (auto &x : array) { x += 23; }
              ^
conftest.cpp:155:18: error: range-based 'for' loops are not allowed in C++98 mode
   for (auto &x : array) { x += 23; }
                  ^
conftest.cpp:160:41: warning: lambda expressions only available with -std=c++11 or -std=gnu++11
   assert (eval ([](int x) { return x*2; }, 21) == 42);
                                         ^
conftest.cpp:160:46: error: no matching function for call to 'eval(main(int, char**)::<lambda(int)>, int)'
   assert (eval ([](int x) { return x*2; }, 21) == 42);
                                              ^
conftest.cpp:160:46: note: candidate is:
conftest.cpp:100:44: note: template<class Ret, class Fn> Ret cxx11test::eval(Fn, Ret)
   template <typename Ret, typename Fn> Ret eval(Fn f, Ret v)
                                            ^
conftest.cpp:100:44: note:   template argument deduction/substitution failed:
conftest.cpp: In substitution of 'template<class Ret, class Fn> Ret cxx11test::eval(Fn, Ret) [with Ret = int; Fn = main(int, char**)::<lambda(int)>]':
conftest.cpp:160:46:   required from here
conftest.cpp:160:46: error: template argument for 'template<class Ret, class Fn> Ret cxx11test::eval(Fn, Ret)' uses local type 'main(int, char**)::<lambda(int)>'
   assert (eval ([](int x) { return x*2; }, 21) == 42);
                                              ^
conftest.cpp:160:46: error:   trying to instantiate 'template<class Ret, class Fn> Ret cxx11test::eval(Fn, Ret)'
conftest.cpp:162:48: warning: lambda expressions only available with -std=c++11 or -std=gnu++11
   assert (eval ([&](double x) { return d += x; }, 3.0) == 5.0);
                                                ^
conftest.cpp:162:54: error: no matching function for call to 'eval(main(int, char**)::<lambda(double)>, double)'
   assert (eval ([&](double x) { return d += x; }, 3.0) == 5.0);
                                                      ^
conftest.cpp:162:54: note: candidate is:
conftest.cpp:100:44: note: template<class Ret, class Fn> Ret cxx11test::eval(Fn, Ret)
   template <typename Ret, typename Fn> Ret eval(Fn f, Ret v)
                                            ^
conftest.cpp:100:44: note:   template argument deduction/substitution failed:
conftest.cpp: In substitution of 'template<class Ret, class Fn> Ret cxx11test::eval(Fn, Ret) [with Ret = double; Fn = main(int, char**)::<lambda(double)>]':
conftest.cpp:162:54:   required from here
conftest.cpp:162:54: error: template argument for 'template<class Ret, class Fn> Ret cxx11test::eval(Fn, Ret)' uses local type 'main(int, char**)::<lambda(double)>'
   assert (eval ([&](double x) { return d += x; }, 3.0) == 5.0);
                                                      ^
conftest.cpp:162:54: error:   trying to instantiate 'template<class Ret, class Fn> Ret cxx11test::eval(Fn, Ret)'
conftest.cpp:164:56: warning: lambda expressions only available with -std=c++11 or -std=gnu++11
   assert (eval ([=](double x) mutable { return d += x; }, 4.0) == 9.0);
                                                        ^
conftest.cpp:164:62: error: no matching function for call to 'eval(main(int, char**)::<lambda(double)>, double)'
   assert (eval ([=](double x) mutable { return d += x; }, 4.0) == 9.0);
                                                              ^
conftest.cpp:164:62: note: candidate is:
conftest.cpp:100:44: note: template<class Ret, class Fn> Ret cxx11test::eval(Fn, Ret)
   template <typename Ret, typename Fn> Ret eval(Fn f, Ret v)
                                            ^
conftest.cpp:100:44: note:   template argument deduction/substitution failed:
conftest.cpp: In substitution of 'template<class Ret, class Fn> Ret cxx11test::eval(Fn, Ret) [with Ret = double; Fn = main(int, char**)::<lambda(double)>]':
conftest.cpp:164:62:   required from here
conftest.cpp:164:62: error: template argument for 'template<class Ret, class Fn> Ret cxx11test::eval(Fn, Ret)' uses local type 'main(int, char**)::<lambda(double)>'
   assert (eval ([=](double x) mutable { return d += x; }, 4.0) == 9.0);
                                                              ^
conftest.cpp:164:62: error:   trying to instantiate 'template<class Ret, class Fn> Ret cxx11test::eval(Fn, Ret)'
conftest.cpp:169:20: error: 'cxx11test::sum' has not been declared
   using cxx11test::sum;
                    ^
conftest.cpp:170:8: error: 'a' does not name a type
   auto a = sum(1);
        ^
conftest.cpp:171:8: error: 'b' does not name a type
   auto b = sum(1, 2);
        ^
conftest.cpp:172:8: error: 'c' does not name a type
   auto c = sum(1.0, 2.0, 3.0);
        ^
conftest.cpp:186:13: error: 'nullptr' was not declared in this scope
   char *c = nullptr;
             ^
conftest.cpp:190:36: error: '>>' should be '> >' within a nested template argument list
   test_template<::test_template<int>> v(test_template<int>(12));
                                    ^
conftest.cpp:190:16: error: '<::' cannot begin a template-argument list [-fpermissive]
   test_template<::test_template<int>> v(test_template<int>(12));
                ^
conftest.cpp:190:16: note: '<:' is an alternate spelling for '['. Insert whitespace between '<' and '::'
conftest.cpp:190:16: note: (if you use '-fpermissive' or '-std=c++11', or '-std=gnu++11' G++ will accept your code)
conftest.cpp:194:22: error: 'u8' was not declared in this scope
   char const *utf8 = u8"UTF-8 string \u2500";
                      ^
conftest.cpp:195:3: error: 'char16_t' was not declared in this scope
   char16_t const *utf16 = u"UTF-8 string \u2500";
   ^
conftest.cpp:196:3: error: 'char32_t' was not declared in this scope
   char32_t const *utf32 = U"UTF-32 string \u2500";
   ^
configure:4206: $? = 1
configure: failed program was:
| /* confdefs.h */
| #define PACKAGE_NAME "QCDNUM"
| #define PACKAGE_TARNAME "qcdnum"
| #define PACKAGE_VERSION "18-00-00"
| #define PACKAGE_STRING "QCDNUM 18-00-00"
| #define PACKAGE_BUGREPORT "h24@nikhef.nl"
| #define PACKAGE_URL ""
| #define PACKAGE "qcdnum"
| #define VERSION "18-00-00"
| /* end confdefs.h.  */
| 
| // Does the compiler advertise C++98 conformance?
| #if !defined __cplusplus || __cplusplus < 199711L
| # error "Compiler does not advertise C++98 conformance"
| #endif
| 
| // These inclusions are to reject old compilers that
| // lack the unsuffixed header files.
| #include <cstdlib>
| #include <exception>
| 
| // <cassert> and <cstring> are *not* freestanding headers in C++98.
| extern void assert (int);
| namespace std {
|   extern int strcmp (const char *, const char *);
| }
| 
| // Namespaces, exceptions, and templates were all added after "C++ 2.0".
| using std::exception;
| using std::strcmp;
| 
| namespace {
| 
| void test_exception_syntax()
| {
|   try {
|     throw "test";
|   } catch (const char *s) {
|     // Extra parentheses suppress a warning when building autoconf itself,
|     // due to lint rules shared with more typical C programs.
|     assert (!(strcmp) (s, "test"));
|   }
| }
| 
| template <typename T> struct test_template
| {
|   T const val;
|   explicit test_template(T t) : val(t) {}
|   template <typename U> T add(U u) { return static_cast<T>(u) + val; }
| };
| 
| } // anonymous namespace
| 
| 
| // Does the compiler advertise C++ 2011 conformance?
| #if !defined __cplusplus || __cplusplus < 201103L
| # error "Compiler does not advertise C++11 conformance"
| #endif
| 
| namespace cxx11test
| {
|   constexpr int get_val() { return 20; }
| 
|   struct testinit
|   {
|     int i;
|     double d;
|   };
| 
|   class delegate
|   {
|   public:
|     delegate(int n) : n(n) {}
|     delegate(): delegate(2354) {}
| 
|     virtual int getval() { return this->n; };
|   protected:
|     int n;
|   };
| 
|   class overridden : public delegate
|   {
|   public:
|     overridden(int n): delegate(n) {}
|     virtual int getval() override final { return this->n * 2; }
|   };
| 
|   class nocopy
|   {
|   public:
|     nocopy(int i): i(i) {}
|     nocopy() = default;
|     nocopy(const nocopy&) = delete;
|     nocopy & operator=(const nocopy&) = delete;
|   private:
|     int i;
|   };
| 
|   // for testing lambda expressions
|   template <typename Ret, typename Fn> Ret eval(Fn f, Ret v)
|   {
|     return f(v);
|   }
| 
|   // for testing variadic templates and trailing return types
|   template <typename V> auto sum(V first) -> V
|   {
|     return first;
|   }
|   template <typename V, typename... Args> auto sum(V first, Args... rest) -> V
|   {
|     return first + sum(rest...);
|   }
| }
| 
| 
| int
| main (int argc, char **argv)
| {
|   int ok = 0;
|   
|   assert (argc);
|   assert (! argv[0]);
| {
|   test_exception_syntax ();
|   test_template<double> tt (2.0);
|   assert (tt.add (4) == 6.0);
|   assert (true && !false);
| }
| 
|   
| {
|   // Test auto and decltype
|   auto a1 = 6538;
|   auto a2 = 48573953.4;
|   auto a3 = "String literal";
| 
|   int total = 0;
|   for (auto i = a3; *i; ++i) { total += *i; }
| 
|   decltype(a2) a4 = 34895.034;
| }
| {
|   // Test constexpr
|   short sa[cxx11test::get_val()] = { 0 };
| }
| {
|   // Test initializer lists
|   cxx11test::testinit il = { 4323, 435234.23544 };
| }
| {
|   // Test range-based for
|   int array[] = {9, 7, 13, 15, 4, 18, 12, 10, 5, 3,
|                  14, 19, 17, 8, 6, 20, 16, 2, 11, 1};
|   for (auto &x : array) { x += 23; }
| }
| {
|   // Test lambda expressions
|   using cxx11test::eval;
|   assert (eval ([](int x) { return x*2; }, 21) == 42);
|   double d = 2.0;
|   assert (eval ([&](double x) { return d += x; }, 3.0) == 5.0);
|   assert (d == 5.0);
|   assert (eval ([=](double x) mutable { return d += x; }, 4.0) == 9.0);
|   assert (d == 5.0);
| }
| {
|   // Test use of variadic templates
|   using cxx11test::sum;
|   auto a = sum(1);
|   auto b = sum(1, 2);
|   auto c = sum(1.0, 2.0, 3.0);
| }
| {
|   // Test constructor delegation
|   cxx11test::delegate d1;
|   cxx11test::delegate d2();
|   cxx11test::delegate d3(45);
| }
| {
|   // Test override and final
|   cxx11test::overridden o1(55464);
| }
| {
|   // Test nullptr
|   char *c = nullptr;
| }
| {
|   // Test template brackets
|   test_template<::test_template<int>> v(test_template<int>(12));
| }
| {
|   // Unicode literals
|   char const *utf8 = u8"UTF-8 string \u2500";
|   char16_t const *utf16 = u"UTF-8 string \u2500";
|   char32_t const *utf32 = U"UTF-32 string \u2500";
| }
| 
|   return ok;
| }
| 
configure:4224: result: none needed
configure:4291: checking whether make supports the include directive
configure:4306: make -f confmf.GNU && cat confinc.out
this is the am__doit target
configure:4309: $? = 0
configure:4328: result: yes (GNU style)
configure:4354: checking dependency style of /u/local/compilers/gcc/4.9.3/bin/g++
configure:4466: result: gcc3
configure:4555: checking for gfortran
configure:4576: found /u/local/compilers/gcc/4.9.3/bin/gfortran
configure:4587: result: gfortran
configure:4613: checking for Fortran compiler version
configure:4622: gfortran --version >&5
GNU Fortran (GCC) 4.9.3
Copyright (C) 2015 Free Software Foundation, Inc.

GNU Fortran comes with NO WARRANTY, to the extent permitted by law.
You may redistribute copies of GNU Fortran
under the terms of the GNU General Public License.
For more information about these matters, see the file named COPYING

configure:4633: $? = 0
configure:4622: gfortran -v >&5
Using built-in specs.
COLLECT_GCC=gfortran
COLLECT_LTO_WRAPPER=/u/local/compilers/gcc/4.9.3/libexec/gcc/x86_64-unknown-linux-gnu/4.9.3/lto-wrapper
Target: x86_64-unknown-linux-gnu
Configured with: ./configure --prefix=/u/local/compilers/gcc/4.9.3 --enable-bootstrap --enable-shared --enable-threads=posix --enable-languages=c,c++,fortran
Thread model: posix
gcc version 4.9.3 (GCC) 
configure:4633: $? = 0
configure:4622: gfortran -V >&5
gfortran: error: unrecognized command line option '-V'
gfortran: fatal error: no input files
compilation terminated.
configure:4633: $? = 1
configure:4622: gfortran -qversion >&5
gfortran: error: unrecognized command line option '-qversion'
gfortran: fatal error: no input files
compilation terminated.
configure:4633: $? = 1
configure:4642: checking whether the compiler supports GNU Fortran
configure:4656: gfortran -c -O3  -Iinc  conftest.F >&5
Warning: Nonexistent include directory "inc"
configure:4656: $? = 0
configure:4666: result: yes
configure:4674: checking whether gfortran accepts -g
configure:4686: gfortran -c -g  conftest.f >&5
configure:4686: $? = 0
configure:4695: result: yes
configure:4730: checking build system type
configure:4745: result: x86_64-pc-linux-gnu
configure:4765: checking host system type
configure:4779: result: x86_64-pc-linux-gnu
configure:4804: checking how to get verbose linking output from gfortran
configure:4815: gfortran -c -O3  -Iinc  conftest.f >&5
Warning: Nonexistent include directory "inc"
configure:4815: $? = 0
configure:4834: gfortran -o conftest -O3 -Iinc -v conftest.f
Using built-in specs.
Target: x86_64-unknown-linux-gnu
Thread model: posix
gcc version 4.9.3 (GCC) 
 /u/local/compilers/gcc/4.9.3/libexec/gcc/x86_64-unknown-linux-gnu/4.9.3/f951 conftest.f -ffixed-form -I inc -quiet -dumpbase conftest.f -mtune=generic -march=x86-64 -auxbase conftest -O3 -version -fintrinsic-modules-path /u/local/compilers/gcc/4.9.3/lib/gcc/x86_64-unknown-linux-gnu/4.9.3/finclude -o /tmp/ccHEqZbf.s
Warning: Nonexistent include directory "inc"
GNU Fortran (GCC) version 4.9.3 (x86_64-unknown-linux-gnu)
	compiled by GNU C version 4.9.3, GMP version 6.0.0, MPFR version 3.1.1, MPC version 1.0.1
GGC heuristics: --param ggc-min-expand=100 --param ggc-min-heapsize=131072
GNU Fortran (GCC) version 4.9.3 (x86_64-unknown-linux-gnu)
	compiled by GNU C version 4.9.3, GMP version 6.0.0, MPFR version 3.1.1, MPC version 1.0.1
GGC heuristics: --param ggc-min-expand=100 --param ggc-min-heapsize=131072
 as -v -I inc --64 -o /tmp/cck7oMUO.o /tmp/ccHEqZbf.s
GNU assembler version 2.27 (x86_64-redhat-linux) using BFD version version 2.27-44.base.el7_9.1
Reading specs from /u/local/compilers/gcc/4.9.3/lib64/../lib64/libgfortran.spec
rename spec lib to liborig
 /u/local/compilers/gcc/4.9.3/libexec/gcc/x86_64-unknown-linux-gnu/4.9.3/collect2 --eh-frame-hdr -m elf_x86_64 -dynamic-linker /lib64/ld-linux-x86-64.so.2 -o conftest /lib/../lib64/crt1.o /lib/../lib64/crti.o /u/local/compilers/gcc/4.9.3/lib/gcc/x86_64-unknown-linux-gnu/4.9.3/crtbegin.o -L/u/local/compilers/gcc/4.9.3/lib64/../lib64 -L/u/local/compilers/gcc/4.9.3/lib/../lib64 -L/u/local/compilers/gcc/4.9.3/lib/gcc/x86_64-unknown-linux-gnu/4.9.3 -L/u/local/compilers/gcc/4.9.3/lib/gcc/x86_64-unknown-linux-gnu/4.9.3/../../../../lib64 -L/lib/../lib64 -L/usr/lib/../lib64 -L/u/local/compilers/gcc/4.9.3/lib64 -L/u/local/compilers/gcc/4.9.3/lib -L/u/local/compilers/intel/2020.4/compilers_and_libraries_2020.4.304/linux/compiler/lib/intel64_lin -L/u/local/compilers/intel/2020.4/compilers_and_libraries_2020.4.304/linux/daal/../tbb/lib/intel64_lin/gcc4.8 -L/u/local/compilers/intel/2020.4/compilers_and_libraries_2020.4.304/linux/daal/lib/intel64_lin -L/u/local/compilers/intel/2020.4/compilers_and_libraries_2020.4.304/linux/ipp/../tbb/lib/intel64/gcc4.8 -L/u/local/compilers/intel/2020.4/compilers_and_libraries_2020.4.304/linux/ipp/lib/intel64 -L/u/local/compilers/intel/2020.4/compilers_and_libraries_2020.4.304/linux/mkl/lib/intel64_lin -L/u/local/compilers/intel/2020.4/compilers_and_libraries_2020.4.304/linux/mpi/intel64/lib -L/u/local/compilers/intel/2020.4/compilers_and_libraries_2020.4.304/linux/mpi/intel64/lib/release -L/u/local/compilers/intel/2020.4/compilers_and_libraries_2020.4.304/linux/mpi/intel64/libfabric/lib -L/u/local/compilers/intel/2020.4/compilers_and_libraries_2020.4.304/linux/tbb/lib/intel64/gcc4.8 -L/u/local/compilers/intel/2020.4/debugger_2020/libipt/intel64/lib -L/u/local/compilers/intel/2020.4/debugger_2020/python/intel64/lib -L/u/local/compilers/gcc/4.9.3/lib/gcc/x86_64-unknown-linux-gnu/4.9.3/../../.. /tmp/cck7oMUO.o -lgfortran -lm -lgcc_s -lgcc -lquadmath -lm -lgcc_s -lgcc -lc -lgcc_s -lgcc /u/local/compilers/gcc/4.9.3/lib/gcc/x86_64-unknown-linux-gnu/4.9.3/crtend.o /lib/../lib64/crtn.o
configure:4917: result: -v
configure:4919: checking for Fortran libraries of gfortran
configure:4943: gfortran -o conftest -O3 -Iinc -v conftest.f
Using built-in specs.
Target: x86_64-unknown-linux-gnu
Thread model: posix
gcc version 4.9.3 (GCC) 
 /u/local/compilers/gcc/4.9.3/libexec/gcc/x86_64-unknown-linux-gnu/4.9.3/f951 conftest.f -ffixed-form -I inc -quiet -dumpbase conftest.f -mtune=generic -march=x86-64 -auxbase conftest -O3 -version -fintrinsic-modules-path /u/local/compilers/gcc/4.9.3/lib/gcc/x86_64-unknown-linux-gnu/4.9.3/finclude -o /tmp/ccmM5P1t.s
Warning: Nonexistent include directory "inc"
GNU Fortran (GCC) version 4.9.3 (x86_64-unknown-linux-gnu)
	compiled by GNU C version 4.9.3, GMP version 6.0.0, MPFR version 3.1.1, MPC version 1.0.1
GGC heuristics: --param ggc-min-expand=100 --param ggc-min-heapsize=131072
GNU Fortran (GCC) version 4.9.3 (x86_64-unknown-linux-gnu)
	compiled by GNU C version 4.9.3, GMP version 6.0.0, MPFR version 3.1.1, MPC version 1.0.1
GGC heuristics: --param ggc-min-expand=100 --param ggc-min-heapsize=131072
 as -v -I inc --64 -o /tmp/ccuEwDe4.o /tmp/ccmM5P1t.s
GNU assembler version 2.27 (x86_64-redhat-linux) using BFD version version 2.27-44.base.el7_9.1
Reading specs from /u/local/compilers/gcc/4.9.3/lib64/../lib64/libgfortran.spec
rename spec lib to liborig
 /u/local/compilers/gcc/4.9.3/libexec/gcc/x86_64-unknown-linux-gnu/4.9.3/collect2 --eh-frame-hdr -m elf_x86_64 -dynamic-linker /lib64/ld-linux-x86-64.so.2 -o conftest /lib/../lib64/crt1.o /lib/../lib64/crti.o /u/local/compilers/gcc/4.9.3/lib/gcc/x86_64-unknown-linux-gnu/4.9.3/crtbegin.o -L/u/local/compilers/gcc/4.9.3/lib64/../lib64 -L/u/local/compilers/gcc/4.9.3/lib/../lib64 -L/u/local/compilers/gcc/4.9.3/lib/gcc/x86_64-unknown-linux-gnu/4.9.3 -L/u/local/compilers/gcc/4.9.3/lib/gcc/x86_64-unknown-linux-gnu/4.9.3/../../../../lib64 -L/lib/../lib64 -L/usr/lib/../lib64 -L/u/local/compilers/gcc/4.9.3/lib64 -L/u/local/compilers/gcc/4.9.3/lib -L/u/local/compilers/intel/2020.4/compilers_and_libraries_2020.4.304/linux/compiler/lib/intel64_lin -L/u/local/compilers/intel/2020.4/compilers_and_libraries_2020.4.304/linux/daal/../tbb/lib/intel64_lin/gcc4.8 -L/u/local/compilers/intel/2020.4/compilers_and_libraries_2020.4.304/linux/daal/lib/intel64_lin -L/u/local/compilers/intel/2020.4/compilers_and_libraries_2020.4.304/linux/ipp/../tbb/lib/intel64/gcc4.8 -L/u/local/compilers/intel/2020.4/compilers_and_libraries_2020.4.304/linux/ipp/lib/intel64 -L/u/local/compilers/intel/2020.4/compilers_and_libraries_2020.4.304/linux/mkl/lib/intel64_lin -L/u/local/compilers/intel/2020.4/compilers_and_libraries_2020.4.304/linux/mpi/intel64/lib -L/u/local/compilers/intel/2020.4/compilers_and_libraries_2020.4.304/linux/mpi/intel64/lib/release -L/u/local/compilers/intel/2020.4/compilers_and_libraries_2020.4.304/linux/mpi/intel64/libfabric/lib -L/u/local/compilers/intel/2020.4/compilers_and_libraries_2020.4.304/linux/tbb/lib/intel64/gcc4.8 -L/u/local/compilers/intel/2020.4/debugger_2020/libipt/intel64/lib -L/u/local/compilers/intel/2020.4/debugger_2020/python/intel64/lib -L/u/local/compilers/gcc/4.9.3/lib/gcc/x86_64-unknown-linux-gnu/4.9.3/../../.. /tmp/ccuEwDe4.o -lgfortran -lm -lgcc_s -lgcc -lquadmath -lm -lgcc_s -lgcc -lc -lgcc_s -lgcc /u/local/compilers/gcc/4.9.3/lib/gcc/x86_64-unknown-linux-gnu/4.9.3/crtend.o /lib/../lib64/crtn.o
configure:5159: result:  -L/u/local/compilers/gcc/4.9.3/lib64/../lib64 -L/u/local/compilers/gcc/4.9.3/lib/../lib64 -L/u/local/compilers/gcc/4.9.3/lib/gcc/x86_64-unknown-linux-gnu/4.9.3 -L/u/local/compilers/gcc/4.9.3/lib/gcc/x86_64-unknown-linux-gnu/4.9.3/../../../../lib64 -L/lib/../lib64 -L/usr/lib/../lib64 -L/u/local/compilers/gcc/4.9.3/lib64 -L/u/local/compilers/gcc/4.9.3/lib -L/u/local/compilers/intel/2020.4/compilers_and_libraries_2020.4.304/linux/compiler/lib/intel64_lin -L/u/local/compilers/intel/2020.4/compilers_and_libraries_2020.4.304/linux/daal/../tbb/lib/intel64_lin/gcc4.8 -L/u/local/compilers/intel/2020.4/compilers_and_libraries_2020.4.304/linux/daal/lib/intel64_lin -L/u/local/compilers/intel/2020.4/compilers_and_libraries_2020.4.304/linux/ipp/../tbb/lib/intel64/gcc4.8 -L/u/local/compilers/intel/2020.4/compilers_and_libraries_2020.4.304/linux/ipp/lib/intel64 -L/u/local/compilers/intel/2020.4/compilers_and_libraries_2020.4.304/linux/mkl/lib/intel64_lin -L/u/local/compilers/intel/2020.4/compilers_and_libraries_2020.4.304/linux/mpi/intel64/lib -L/u/local/compilers/intel/2020.4/compilers_and_libraries_2020.4.304/linux/mpi/intel64/lib/release -L/u/local/compilers/intel/2020.4/compilers_and_libraries_2020.4.304/linux/mpi/intel64/libfabric/lib -L/u/local/compilers/intel/2020.4/compilers_and_libraries_2020.4.304/linux/tbb/lib/intel64/gcc4.8 -L/u/local/compilers/intel/2020.4/debugger_2020/libipt/intel64/lib -L/u/local/compilers/intel/2020.4/debugger_2020/python/intel64/lib -L/u/local/compilers/gcc/4.9.3/lib/gcc/x86_64-unknown-linux-gnu/4.9.3/../../.. -lgfortran -lm -lquadmath
configure:5232: checking for gcc
configure:5264: result: /u/local/compilers/gcc/4.9.3/bin/gcc
configure:5617: checking for C compiler version
configure:5626: /u/local/compilers/gcc/4.9.3/bin/gcc --version >&5
gcc (GCC) 4.9.3
Copyright (C) 2015 Free Software Foundation, Inc.
This is free software; see the source for copying conditions.  There is NO
warranty; not even for MERCHANTABILITY or FITNESS FOR A PARTICULAR PURPOSE.

configure:5637: $? = 0
configure:5626: /u/local/compilers/gcc/4.9.3/bin/gcc -v >&5
Using built-in specs.
COLLECT_GCC=/u/local/compilers/gcc/4.9.3/bin/gcc
COLLECT_LTO_WRAPPER=/u/local/compilers/gcc/4.9.3/libexec/gcc/x86_64-unknown-linux-gnu/4.9.3/lto-wrapper
Target: x86_64-unknown-linux-gnu
Configured with: ./configure --prefix=/u/local/compilers/gcc/4.9.3 --enable-bootstrap --enable-shared --enable-threads=posix --enable-languages=c,c++,fortran
Thread model: posix
gcc version 4.9.3 (GCC) 
configure:5637: $? = 0
configure:5626: /u/local/compilers/gcc/4.9.3/bin/gcc -V >&5
gcc: error: unrecognized command line option '-V'
gcc: fatal error: no input files
compilation terminated.
configure:5637: $? = 1
configure:5626: /u/local/compilers/gcc/4.9.3/bin/gcc -qversion >&5
gcc: error: unrecognized command line option '-qversion'
gcc: fatal error: no input files
compilation terminated.
configure:5637: $? = 1
configure:5626: /u/local/compilers/gcc/4.9.3/bin/gcc -version >&5
gcc: error: unrecognized command line option '-version'
gcc: fatal error: no input files
compilation terminated.
configure:5637: $? = 1
configure:5641: checking whether the compiler supports GNU C
configure:5669: /u/local/compilers/gcc/4.9.3/bin/gcc -c   conftest.c >&5
configure:5669: $? = 0
configure:5679: result: yes
configure:5690: checking whether /u/local/compilers/gcc/4.9.3/bin/gcc accepts -g
configure:5719: /u/local/compilers/gcc/4.9.3/bin/gcc -c -g  conftest.c >&5
configure:5719: $? = 0
configure:5779: result: yes
configure:5799: checking for /u/local/compilers/gcc/4.9.3/bin/gcc option to enable C11 features
configure:5814: /u/local/compilers/gcc/4.9.3/bin/gcc  -c -g -O2  conftest.c >&5
conftest.c:63:3: error: #error "Compiler does not advertise C99 conformance"
 # error "Compiler does not advertise C99 conformance"
   ^
conftest.c:118:29: error: expected ';', ',' or ')' before 'text'
 test_restrict (ccp restrict text)
                             ^
conftest.c:167:3: error: #error "Compiler does not advertise C11 conformance"
 # error "Compiler does not advertise C11 conformance"
   ^
conftest.c:198:12: error: 'syntax' undeclared here (not in a function)
 #define u8 syntax error!
            ^
conftest.c:199:29: note: in expansion of macro 'u8'
 char const utf8_literal[] = u8"happens to be ASCII" "another string";
                             ^
conftest.c:198:19: error: expected ',' or ';' before 'error'
 #define u8 syntax error!
                   ^
conftest.c:199:29: note: in expansion of macro 'u8'
 char const utf8_literal[] = u8"happens to be ASCII" "another string";
                             ^
conftest.c: In function 'main':
conftest.c:232:18: error: expected '=', ',', ';', 'asm' or '__attribute__' before 'newvar'
   char *restrict newvar = "Another string";
                  ^
conftest.c:232:18: error: 'newvar' undeclared (first use in this function)
conftest.c:232:18: note: each undeclared identifier is reported only once for each function it appears in
conftest.c:242:3: error: 'for' loop initial declarations are only allowed in C99 or C11 mode
   for (int i = 0; i < ia->datasize; ++i)
   ^
conftest.c:242:3: note: use option -std=c99, -std=gnu99, -std=c11 or -std=gnu11 to compile your code
configure:5814: $? = 1
configure: failed program was:
| /* confdefs.h */
| #define PACKAGE_NAME "QCDNUM"
| #define PACKAGE_TARNAME "qcdnum"
| #define PACKAGE_VERSION "18-00-00"
| #define PACKAGE_STRING "QCDNUM 18-00-00"
| #define PACKAGE_BUGREPORT "h24@nikhef.nl"
| #define PACKAGE_URL ""
| #define PACKAGE "qcdnum"
| #define VERSION "18-00-00"
| /* end confdefs.h.  */
| 
| /* Does the compiler advertise C89 conformance?
|    Do not test the value of __STDC__, because some compilers set it to 0
|    while being otherwise adequately conformant. */
| #if !defined __STDC__
| # error "Compiler does not advertise C89 conformance"
| #endif
| 
| #include <stddef.h>
| #include <stdarg.h>
| struct stat;
| /* Most of the following tests are stolen from RCS 5.7 src/conf.sh.  */
| struct buf { int x; };
| struct buf * (*rcsopen) (struct buf *, struct stat *, int);
| static char *e (p, i)
|      char **p;
|      int i;
| {
|   return p[i];
| }
| static char *f (char * (*g) (char **, int), char **p, ...)
| {
|   char *s;
|   va_list v;
|   va_start (v,p);
|   s = g (p, va_arg (v,int));
|   va_end (v);
|   return s;
| }
| 
| /* OSF 4.0 Compaq cc is some sort of almost-ANSI by default.  It has
|    function prototypes and stuff, but not \xHH hex character constants.
|    These do not provoke an error unfortunately, instead are silently treated
|    as an "x".  The following induces an error, until -std is added to get
|    proper ANSI mode.  Curiously \x00 != x always comes out true, for an
|    array size at least.  It is necessary to write \x00 == 0 to get something
|    that is true only with -std.  */
| int osf4_cc_array ['\x00' == 0 ? 1 : -1];
| 
| /* IBM C 6 for AIX is almost-ANSI by default, but it replaces macro parameters
|    inside strings and character constants.  */
| #define FOO(x) 'x'
| int xlc6_cc_array[FOO(a) == 'x' ? 1 : -1];
| 
| int test (int i, double x);
| struct s1 {int (*f) (int a);};
| struct s2 {int (*f) (double a);};
| int pairnames (int, char **, int *(*)(struct buf *, struct stat *, int),
|                int, int);
| 
| // Does the compiler advertise C99 conformance?
| #if !defined __STDC_VERSION__ || __STDC_VERSION__ < 199901L
| # error "Compiler does not advertise C99 conformance"
| #endif
| 
| #include <stdbool.h>
| extern int puts (const char *);
| extern int printf (const char *, ...);
| extern int dprintf (int, const char *, ...);
| extern void *malloc (size_t);
| 
| // Check varargs macros.  These examples are taken from C99 6.10.3.5.
| // dprintf is used instead of fprintf to avoid needing to declare
| // FILE and stderr.
| #define debug(...) dprintf (2, __VA_ARGS__)
| #define showlist(...) puts (#__VA_ARGS__)
| #define report(test,...) ((test) ? puts (#test) : printf (__VA_ARGS__))
| static void
| test_varargs_macros (void)
| {
|   int x = 1234;
|   int y = 5678;
|   debug ("Flag");
|   debug ("X = %d\n", x);
|   showlist (The first, second, and third items.);
|   report (x>y, "x is %d but y is %d", x, y);
| }
| 
| // Check long long types.
| #define BIG64 18446744073709551615ull
| #define BIG32 4294967295ul
| #define BIG_OK (BIG64 / BIG32 == 4294967297ull && BIG64 % BIG32 == 0)
| #if !BIG_OK
|   #error "your preprocessor is broken"
| #endif
| #if BIG_OK
| #else
|   #error "your preprocessor is broken"
| #endif
| static long long int bignum = -9223372036854775807LL;
| static unsigned long long int ubignum = BIG64;
| 
| struct incomplete_array
| {
|   int datasize;
|   double data[];
| };
| 
| struct named_init {
|   int number;
|   const wchar_t *name;
|   double average;
| };
| 
| typedef const char *ccp;
| 
| static inline int
| test_restrict (ccp restrict text)
| {
|   // See if C++-style comments work.
|   // Iterate through items via the restricted pointer.
|   // Also check for declarations in for loops.
|   for (unsigned int i = 0; *(text+i) != '\0'; ++i)
|     continue;
|   return 0;
| }
| 
| // Check varargs and va_copy.
| static bool
| test_varargs (const char *format, ...)
| {
|   va_list args;
|   va_start (args, format);
|   va_list args_copy;
|   va_copy (args_copy, args);
| 
|   const char *str = "";
|   int number = 0;
|   float fnumber = 0;
| 
|   while (*format)
|     {
|       switch (*format++)
| 	{
| 	case 's': // string
| 	  str = va_arg (args_copy, const char *);
| 	  break;
| 	case 'd': // int
| 	  number = va_arg (args_copy, int);
| 	  break;
| 	case 'f': // float
| 	  fnumber = va_arg (args_copy, double);
| 	  break;
| 	default:
| 	  break;
| 	}
|     }
|   va_end (args_copy);
|   va_end (args);
| 
|   return *str && number && fnumber;
| }
| 
| 
| // Does the compiler advertise C11 conformance?
| #if !defined __STDC_VERSION__ || __STDC_VERSION__ < 201112L
| # error "Compiler does not advertise C11 conformance"
| #endif
| 
| // Check _Alignas.
| char _Alignas (double) aligned_as_double;
| char _Alignas (0) no_special_alignment;
| extern char aligned_as_int;
| char _Alignas (0) _Alignas (int) aligned_as_int;
| 
| // Check _Alignof.
| enum
| {
|   int_alignment = _Alignof (int),
|   int_array_alignment = _Alignof (int[100]),
|   char_alignment = _Alignof (char)
| };
| _Static_assert (0 < -_Alignof (int), "_Alignof is signed");
| 
| // Check _Noreturn.
| int _Noreturn does_not_return (void) { for (;;) continue; }
| 
| // Check _Static_assert.
| struct test_static_assert
| {
|   int x;
|   _Static_assert (sizeof (int) <= sizeof (long int),
|                   "_Static_assert does not work in struct");
|   long int y;
| };
| 
| // Check UTF-8 literals.
| #define u8 syntax error!
| char const utf8_literal[] = u8"happens to be ASCII" "another string";
| 
| // Check duplicate typedefs.
| typedef long *long_ptr;
| typedef long int *long_ptr;
| typedef long_ptr long_ptr;
| 
| // Anonymous structures and unions -- taken from C11 6.7.2.1 Example 1.
| struct anonymous
| {
|   union {
|     struct { int i; int j; };
|     struct { int k; long int l; } w;
|   };
|   int m;
| } v1;
| 
| 
| int
| main (int argc, char **argv)
| {
|   int ok = 0;
|   
| ok |= (argc == 0 || f (e, argv, 0) != argv[0] || f (e, argv, 1) != argv[1]);
| 
|   
|   // Check bool.
|   _Bool success = false;
|   success |= (argc != 0);
| 
|   // Check restrict.
|   if (test_restrict ("String literal") == 0)
|     success = true;
|   char *restrict newvar = "Another string";
| 
|   // Check varargs.
|   success &= test_varargs ("s, d' f .", "string", 65, 34.234);
|   test_varargs_macros ();
| 
|   // Check flexible array members.
|   struct incomplete_array *ia =
|     malloc (sizeof (struct incomplete_array) + (sizeof (double) * 10));
|   ia->datasize = 10;
|   for (int i = 0; i < ia->datasize; ++i)
|     ia->data[i] = i * 1.234;
| 
|   // Check named initializers.
|   struct named_init ni = {
|     .number = 34,
|     .name = L"Test wide string",
|     .average = 543.34343,
|   };
| 
|   ni.number = 58;
| 
|   int dynamic_array[ni.number];
|   dynamic_array[0] = argv[0][0];
|   dynamic_array[ni.number - 1] = 543;
| 
|   // work around unused variable warnings
|   ok |= (!success || bignum == 0LL || ubignum == 0uLL || newvar[0] == 'x'
| 	 || dynamic_array[ni.number - 1] != 543);
| 
|   
|   _Static_assert ((offsetof (struct anonymous, i)
| 		   == offsetof (struct anonymous, w.k)),
| 		  "Anonymous union alignment botch");
|   v1.i = 2;
|   v1.w.k = 5;
|   ok |= v1.i != 5;
| 
|   return ok;
| }
| 
configure:5814: /u/local/compilers/gcc/4.9.3/bin/gcc -std=gnu11 -c -g -O2  conftest.c >&5
configure:5814: $? = 0
configure:5835: result: -std=gnu11
configure:5948: checking whether /u/local/compilers/gcc/4.9.3/bin/gcc -std=gnu11 understands -c and -o together
configure:5979: /u/local/compilers/gcc/4.9.3/bin/gcc -std=gnu11 -c conftest.c -o conftest2.o
configure:5982: $? = 0
configure:5979: /u/local/compilers/gcc/4.9.3/bin/gcc -std=gnu11 -c conftest.c -o conftest2.o
configure:5982: $? = 0
configure:5994: result: yes
configure:6013: checking dependency style of /u/local/compilers/gcc/4.9.3/bin/gcc -std=gnu11
configure:6125: result: gcc3
configure:6146: checking for dummy main to link with Fortran libraries
configure:6181: /u/local/compilers/gcc/4.9.3/bin/gcc -std=gnu11 -o conftest -g -O2   conftest.c   -L/u/local/compilers/gcc/4.9.3/lib64/../lib64 -L/u/local/compilers/gcc/4.9.3/lib/../lib64 -L/u/local/compilers/gcc/4.9.3/lib/gcc/x86_64-unknown-linux-gnu/4.9.3 -L/u/local/compilers/gcc/4.9.3/lib/gcc/x86_64-unknown-linux-gnu/4.9.3/../../../../lib64 -L/lib/../lib64 -L/usr/lib/../lib64 -L/u/local/compilers/gcc/4.9.3/lib64 -L/u/local/compilers/gcc/4.9.3/lib -L/u/local/compilers/intel/2020.4/compilers_and_libraries_2020.4.304/linux/compiler/lib/intel64_lin -L/u/local/compilers/intel/2020.4/compilers_and_libraries_2020.4.304/linux/daal/../tbb/lib/intel64_lin/gcc4.8 -L/u/local/compilers/intel/2020.4/compilers_and_libraries_2020.4.304/linux/daal/lib/intel64_lin -L/u/local/compilers/intel/2020.4/compilers_and_libraries_2020.4.304/linux/ipp/../tbb/lib/intel64/gcc4.8 -L/u/local/compilers/intel/2020.4/compilers_and_libraries_2020.4.304/linux/ipp/lib/intel64 -L/u/local/compilers/intel/2020.4/compilers_and_libraries_2020.4.304/linux/mkl/lib/intel64_lin -L/u/local/compilers/intel/2020.4/compilers_and_libraries_2020.4.304/linux/mpi/intel64/lib -L/u/local/compilers/intel/2020.4/compilers_and_libraries_2020.4.304/linux/mpi/intel64/lib/release -L/u/local/compilers/intel/2020.4/compilers_and_libraries_2020.4.304/linux/mpi/intel64/libfabric/lib -L/u/local/compilers/intel/2020.4/compilers_and_libraries_2020.4.304/linux/tbb/lib/intel64/gcc4.8 -L/u/local/compilers/intel/2020.4/debugger_2020/libipt/intel64/lib -L/u/local/compilers/intel/2020.4/debugger_2020/python/intel64/lib -L/u/local/compilers/gcc/4.9.3/lib/gcc/x86_64-unknown-linux-gnu/4.9.3/../../.. -lgfortran -lm -lquadmath >&5
configure:6181: $? = 0
configure:6228: result: none
configure:6260: checking for Fortran name-mangling scheme
configure:6274: gfortran -c -O3  -Iinc  conftest.f >&5
Warning: Nonexistent include directory "inc"
configure:6274: $? = 0
configure:6313: /u/local/compilers/gcc/4.9.3/bin/gcc -std=gnu11 -o conftest -g -O2   conftest.c cfortran_test.o   -L/u/local/compilers/gcc/4.9.3/lib64/../lib64 -L/u/local/compilers/gcc/4.9.3/lib/../lib64 -L/u/local/compilers/gcc/4.9.3/lib/gcc/x86_64-unknown-linux-gnu/4.9.3 -L/u/local/compilers/gcc/4.9.3/lib/gcc/x86_64-unknown-linux-gnu/4.9.3/../../../../lib64 -L/lib/../lib64 -L/usr/lib/../lib64 -L/u/local/compilers/gcc/4.9.3/lib64 -L/u/local/compilers/gcc/4.9.3/lib -L/u/local/compilers/intel/2020.4/compilers_and_libraries_2020.4.304/linux/compiler/lib/intel64_lin -L/u/local/compilers/intel/2020.4/compilers_and_libraries_2020.4.304/linux/daal/../tbb/lib/intel64_lin/gcc4.8 -L/u/local/compilers/intel/2020.4/compilers_and_libraries_2020.4.304/linux/daal/lib/intel64_lin -L/u/local/compilers/intel/2020.4/compilers_and_libraries_2020.4.304/linux/ipp/../tbb/lib/intel64/gcc4.8 -L/u/local/compilers/intel/2020.4/compilers_and_libraries_2020.4.304/linux/ipp/lib/intel64 -L/u/local/compilers/intel/2020.4/compilers_and_libraries_2020.4.304/linux/mkl/lib/intel64_lin -L/u/local/compilers/intel/2020.4/compilers_and_libraries_2020.4.304/linux/mpi/intel64/lib -L/u/local/compilers/intel/2020.4/compilers_and_libraries_2020.4.304/linux/mpi/intel64/lib/release -L/u/local/compilers/intel/2020.4/compilers_and_libraries_2020.4.304/linux/mpi/intel64/libfabric/lib -L/u/local/compilers/intel/2020.4/compilers_and_libraries_2020.4.304/linux/tbb/lib/intel64/gcc4.8 -L/u/local/compilers/intel/2020.4/debugger_2020/libipt/intel64/lib -L/u/local/compilers/intel/2020.4/debugger_2020/python/intel64/lib -L/u/local/compilers/gcc/4.9.3/lib/gcc/x86_64-unknown-linux-gnu/4.9.3/../../.. -lgfortran -lm -lquadmath >&5
/tmp/ccliZjOJ.o: In function `main':
/u/home/m/maxzhang/project-zkang/Nuclear-TMDs/AAKTXZ2023/QCDNUM/qcdnum-18-00-00/conftest.c:27: undefined reference to `foobar'
collect2: error: ld returned 1 exit status
configure:6313: $? = 1
configure: failed program was:
| /* confdefs.h */
| #define PACKAGE_NAME "QCDNUM"
| #define PACKAGE_TARNAME "qcdnum"
| #define PACKAGE_VERSION "18-00-00"
| #define PACKAGE_STRING "QCDNUM 18-00-00"
| #define PACKAGE_BUGREPORT "h24@nikhef.nl"
| #define PACKAGE_URL ""
| #define PACKAGE "qcdnum"
| #define VERSION "18-00-00"
| /* end confdefs.h.  */
| 
| /* Override any GCC internal prototype to avoid an error.
|    Use char because int might match the return type of a GCC
|    builtin and then its argument prototype would still apply.  */
| char foobar ();
| #ifdef FC_DUMMY_MAIN
| #ifndef FC_DUMMY_MAIN_EQ_F77
| #  ifdef __cplusplus
|      extern "C"
| #  endif
|    int FC_DUMMY_MAIN() { return 1; }
| #endif
| #endif
| int
| main (void)
| {
| return foobar ();
|   ;
|   return 0;
| }
configure:6313: /u/local/compilers/gcc/4.9.3/bin/gcc -std=gnu11 -o conftest -g -O2   conftest.c cfortran_test.o   -L/u/local/compilers/gcc/4.9.3/lib64/../lib64 -L/u/local/compilers/gcc/4.9.3/lib/../lib64 -L/u/local/compilers/gcc/4.9.3/lib/gcc/x86_64-unknown-linux-gnu/4.9.3 -L/u/local/compilers/gcc/4.9.3/lib/gcc/x86_64-unknown-linux-gnu/4.9.3/../../../../lib64 -L/lib/../lib64 -L/usr/lib/../lib64 -L/u/local/compilers/gcc/4.9.3/lib64 -L/u/local/compilers/gcc/4.9.3/lib -L/u/local/compilers/intel/2020.4/compilers_and_libraries_2020.4.304/linux/compiler/lib/intel64_lin -L/u/local/compilers/intel/2020.4/compilers_and_libraries_2020.4.304/linux/daal/../tbb/lib/intel64_lin/gcc4.8 -L/u/local/compilers/intel/2020.4/compilers_and_libraries_2020.4.304/linux/daal/lib/intel64_lin -L/u/local/compilers/intel/2020.4/compilers_and_libraries_2020.4.304/linux/ipp/../tbb/lib/intel64/gcc4.8 -L/u/local/compilers/intel/2020.4/compilers_and_libraries_2020.4.304/linux/ipp/lib/intel64 -L/u/local/compilers/intel/2020.4/compilers_and_libraries_2020.4.304/linux/mkl/lib/intel64_lin -L/u/local/compilers/intel/2020.4/compilers_and_libraries_2020.4.304/linux/mpi/intel64/lib -L/u/local/compilers/intel/2020.4/compilers_and_libraries_2020.4.304/linux/mpi/intel64/lib/release -L/u/local/compilers/intel/2020.4/compilers_and_libraries_2020.4.304/linux/mpi/intel64/libfabric/lib -L/u/local/compilers/intel/2020.4/compilers_and_libraries_2020.4.304/linux/tbb/lib/intel64/gcc4.8 -L/u/local/compilers/intel/2020.4/debugger_2020/libipt/intel64/lib -L/u/local/compilers/intel/2020.4/debugger_2020/python/intel64/lib -L/u/local/compilers/gcc/4.9.3/lib/gcc/x86_64-unknown-linux-gnu/4.9.3/../../.. -lgfortran -lm -lquadmath >&5
configure:6313: $? = 0
configure:6369: /u/local/compilers/gcc/4.9.3/bin/gcc -std=gnu11 -o conftest -g -O2   conftest.c cfortran_test.o   -L/u/local/compilers/gcc/4.9.3/lib64/../lib64 -L/u/local/compilers/gcc/4.9.3/lib/../lib64 -L/u/local/compilers/gcc/4.9.3/lib/gcc/x86_64-unknown-linux-gnu/4.9.3 -L/u/local/compilers/gcc/4.9.3/lib/gcc/x86_64-unknown-linux-gnu/4.9.3/../../../../lib64 -L/lib/../lib64 -L/usr/lib/../lib64 -L/u/local/compilers/gcc/4.9.3/lib64 -L/u/local/compilers/gcc/4.9.3/lib -L/u/local/compilers/intel/2020.4/compilers_and_libraries_2020.4.304/linux/compiler/lib/intel64_lin -L/u/local/compilers/intel/2020.4/compilers_and_libraries_2020.4.304/linux/daal/../tbb/lib/intel64_lin/gcc4.8 -L/u/local/compilers/intel/2020.4/compilers_and_libraries_2020.4.304/linux/daal/lib/intel64_lin -L/u/local/compilers/intel/2020.4/compilers_and_libraries_2020.4.304/linux/ipp/../tbb/lib/intel64/gcc4.8 -L/u/local/compilers/intel/2020.4/compilers_and_libraries_2020.4.304/linux/ipp/lib/intel64 -L/u/local/compilers/intel/2020.4/compilers_and_libraries_2020.4.304/linux/mkl/lib/intel64_lin -L/u/local/compilers/intel/2020.4/compilers_and_libraries_2020.4.304/linux/mpi/intel64/lib -L/u/local/compilers/intel/2020.4/compilers_and_libraries_2020.4.304/linux/mpi/intel64/lib/release -L/u/local/compilers/intel/2020.4/compilers_and_libraries_2020.4.304/linux/mpi/intel64/libfabric/lib -L/u/local/compilers/intel/2020.4/compilers_and_libraries_2020.4.304/linux/tbb/lib/intel64/gcc4.8 -L/u/local/compilers/intel/2020.4/debugger_2020/libipt/intel64/lib -L/u/local/compilers/intel/2020.4/debugger_2020/python/intel64/lib -L/u/local/compilers/gcc/4.9.3/lib/gcc/x86_64-unknown-linux-gnu/4.9.3/../../.. -lgfortran -lm -lquadmath >&5
configure:6369: $? = 0
configure:6412: result: lower case, underscore, no extra underscore
configure:6545: checking how to print strings
configure:6572: result: printf
configure:6593: checking for a sed that does not truncate output
configure:6663: result: /usr/bin/sed
configure:6681: checking for grep that handles long lines and -e
configure:6745: result: /usr/bin/grep
configure:6750: checking for egrep
configure:6818: result: /usr/bin/grep -E
configure:6823: checking for fgrep
configure:6891: result: /usr/bin/grep -F
configure:6927: checking for ld used by /u/local/compilers/gcc/4.9.3/bin/gcc -std=gnu11
configure:6995: result: /usr/bin/ld
configure:7002: checking if the linker (/usr/bin/ld) is GNU ld
configure:7018: result: yes
configure:7030: checking for BSD- or MS-compatible name lister (nm)
configure:7085: result: /usr/bin/nm -B
configure:7225: checking the name lister (/usr/bin/nm -B) interface
configure:7233: /u/local/compilers/gcc/4.9.3/bin/gcc -std=gnu11 -c -g -O2  conftest.c >&5
configure:7236: /usr/bin/nm -B "conftest.o"
configure:7239: output
0000000000000000 B some_variable
configure:7246: result: BSD nm
configure:7249: checking whether ln -s works
configure:7253: result: yes
configure:7261: checking the maximum length of command line arguments
configure:7393: result: 1572864
configure:7441: checking how to convert x86_64-pc-linux-gnu file names to x86_64-pc-linux-gnu format
configure:7482: result: func_convert_file_noop
configure:7489: checking how to convert x86_64-pc-linux-gnu file names to toolchain format
configure:7510: result: func_convert_file_noop
configure:7517: checking for /usr/bin/ld option to reload object files
configure:7525: result: -r
configure:7604: checking for objdump
configure:7625: found /usr/bin/objdump
configure:7636: result: objdump
configure:7668: checking how to recognize dependent libraries
configure:7869: result: pass_all
configure:7959: checking for dlltool
configure:7994: result: no
configure:8024: checking how to associate runtime and link libraries
configure:8052: result: printf %s\n
configure:8117: checking for ar
configure:8138: found /usr/bin/ar
configure:8149: result: ar
configure:8186: checking for archiver @FILE support
configure:8212: /u/local/compilers/gcc/4.9.3/bin/gcc -std=gnu11 -c -g -O2  conftest.c >&5
configure:8212: $? = 0
configure:8216: ar cru libconftest.a @conftest.lst >&5
configure:8219: $? = 0
configure:8224: ar cru libconftest.a @conftest.lst >&5
ar: conftest.o: No such file or directory
configure:8227: $? = 1
configure:8239: result: @
configure:8302: checking for strip
configure:8323: found /usr/bin/strip
configure:8334: result: strip
configure:8411: checking for ranlib
configure:8432: found /usr/bin/ranlib
configure:8443: result: ranlib
configure:8545: checking command to parse /usr/bin/nm -B output from /u/local/compilers/gcc/4.9.3/bin/gcc -std=gnu11 object
configure:8699: /u/local/compilers/gcc/4.9.3/bin/gcc -std=gnu11 -c -g -O2  conftest.c >&5
configure:8702: $? = 0
configure:8706: /usr/bin/nm -B conftest.o \| sed -n -e 's/^.*[ ]\([ABCDGIRSTW][ABCDGIRSTW]*\)[ ][ ]*\([_A-Za-z][_A-Za-z0-9]*\)$/\1 \2 \2/p' | sed '/ __gnu_lto/d' \> conftest.nm
configure:8709: $? = 0
configure:8775: /u/local/compilers/gcc/4.9.3/bin/gcc -std=gnu11 -o conftest -g -O2   conftest.c conftstm.o >&5
configure:8778: $? = 0
configure:8816: result: ok
configure:8863: checking for sysroot
configure:8894: result: no
configure:8901: checking for a working dd
configure:8945: result: /usr/bin/dd
configure:8949: checking how to truncate binary pipes
configure:8965: result: /usr/bin/dd bs=4096 count=1
configure:9102: /u/local/compilers/gcc/4.9.3/bin/gcc -std=gnu11 -c -g -O2  conftest.c >&5
configure:9105: $? = 0
configure:9310: checking for mt
configure:9345: result: no
configure:9365: checking if : is a manifest tool
configure:9372: : '-?'
configure:9380: result: no
configure:10118: checking for stdio.h
configure:10118: /u/local/compilers/gcc/4.9.3/bin/gcc -std=gnu11 -c -g -O2  conftest.c >&5
configure:10118: $? = 0
configure:10118: result: yes
configure:10118: checking for stdlib.h
configure:10118: /u/local/compilers/gcc/4.9.3/bin/gcc -std=gnu11 -c -g -O2  conftest.c >&5
configure:10118: $? = 0
configure:10118: result: yes
configure:10118: checking for string.h
configure:10118: /u/local/compilers/gcc/4.9.3/bin/gcc -std=gnu11 -c -g -O2  conftest.c >&5
configure:10118: $? = 0
configure:10118: result: yes
configure:10118: checking for inttypes.h
configure:10118: /u/local/compilers/gcc/4.9.3/bin/gcc -std=gnu11 -c -g -O2  conftest.c >&5
configure:10118: $? = 0
configure:10118: result: yes
configure:10118: checking for stdint.h
configure:10118: /u/local/compilers/gcc/4.9.3/bin/gcc -std=gnu11 -c -g -O2  conftest.c >&5
configure:10118: $? = 0
configure:10118: result: yes
configure:10118: checking for strings.h
configure:10118: /u/local/compilers/gcc/4.9.3/bin/gcc -std=gnu11 -c -g -O2  conftest.c >&5
configure:10118: $? = 0
configure:10118: result: yes
configure:10118: checking for sys/stat.h
configure:10118: /u/local/compilers/gcc/4.9.3/bin/gcc -std=gnu11 -c -g -O2  conftest.c >&5
configure:10118: $? = 0
configure:10118: result: yes
configure:10118: checking for sys/types.h
configure:10118: /u/local/compilers/gcc/4.9.3/bin/gcc -std=gnu11 -c -g -O2  conftest.c >&5
configure:10118: $? = 0
configure:10118: result: yes
configure:10118: checking for unistd.h
configure:10118: /u/local/compilers/gcc/4.9.3/bin/gcc -std=gnu11 -c -g -O2  conftest.c >&5
configure:10118: $? = 0
configure:10118: result: yes
configure:10143: checking for dlfcn.h
configure:10143: /u/local/compilers/gcc/4.9.3/bin/gcc -std=gnu11 -c -g -O2  conftest.c >&5
configure:10143: $? = 0
configure:10143: result: yes
configure:10411: checking for objdir
configure:10427: result: .libs
configure:10691: checking if /u/local/compilers/gcc/4.9.3/bin/gcc -std=gnu11 supports -fno-rtti -fno-exceptions
configure:10710: /u/local/compilers/gcc/4.9.3/bin/gcc -std=gnu11 -c -g -O2  -fno-rtti -fno-exceptions conftest.c >&5
cc1: warning: command line option '-fno-rtti' is valid for C++/ObjC++ but not for C
configure:10714: $? = 0
configure:10727: result: no
configure:11085: checking for /u/local/compilers/gcc/4.9.3/bin/gcc -std=gnu11 option to produce PIC
configure:11093: result: -fPIC -DPIC
configure:11101: checking if /u/local/compilers/gcc/4.9.3/bin/gcc -std=gnu11 PIC flag -fPIC -DPIC works
configure:11120: /u/local/compilers/gcc/4.9.3/bin/gcc -std=gnu11 -c -g -O2  -fPIC -DPIC -DPIC conftest.c >&5
configure:11124: $? = 0
configure:11137: result: yes
configure:11166: checking if /u/local/compilers/gcc/4.9.3/bin/gcc -std=gnu11 static flag -static works
configure:11195: result: no
configure:11210: checking if /u/local/compilers/gcc/4.9.3/bin/gcc -std=gnu11 supports -c -o file.o
configure:11232: /u/local/compilers/gcc/4.9.3/bin/gcc -std=gnu11 -c -g -O2  -o out/conftest2.o conftest.c >&5
configure:11236: $? = 0
configure:11258: result: yes
configure:11266: checking if /u/local/compilers/gcc/4.9.3/bin/gcc -std=gnu11 supports -c -o file.o
configure:11314: result: yes
configure:11347: checking whether the /u/local/compilers/gcc/4.9.3/bin/gcc -std=gnu11 linker (/usr/bin/ld -m elf_x86_64) supports shared libraries
configure:12629: result: yes
configure:12666: checking whether -lc should be explicitly linked in
configure:12675: /u/local/compilers/gcc/4.9.3/bin/gcc -std=gnu11 -c -g -O2  conftest.c >&5
configure:12678: $? = 0
configure:12693: /u/local/compilers/gcc/4.9.3/bin/gcc -std=gnu11 -shared  -fPIC -DPIC conftest.o  -v -Wl,-soname -Wl,conftest -o conftest 2\>\&1 \| /usr/bin/grep  -lc  \>/dev/null 2\>\&1
configure:12696: $? = 0
configure:12710: result: no
configure:12870: checking dynamic linker characteristics
configure:13460: /u/local/compilers/gcc/4.9.3/bin/gcc -std=gnu11 -o conftest -g -O2   -Wl,-rpath -Wl,/foo conftest.c  >&5
configure:13460: $? = 0
configure:13699: result: GNU/Linux ld.so
configure:13821: checking how to hardcode library paths into programs
configure:13846: result: immediate
configure:13956: checking for shl_load
configure:13956: /u/local/compilers/gcc/4.9.3/bin/gcc -std=gnu11 -o conftest -g -O2   conftest.c  >&5
/tmp/ccro77FI.o: In function `main':
/u/home/m/maxzhang/project-zkang/Nuclear-TMDs/AAKTXZ2023/QCDNUM/qcdnum-18-00-00/conftest.c:60: undefined reference to `shl_load'
collect2: error: ld returned 1 exit status
configure:13956: $? = 1
configure: failed program was:
| /* confdefs.h */
| #define PACKAGE_NAME "QCDNUM"
| #define PACKAGE_TARNAME "qcdnum"
| #define PACKAGE_VERSION "18-00-00"
| #define PACKAGE_STRING "QCDNUM 18-00-00"
| #define PACKAGE_BUGREPORT "h24@nikhef.nl"
| #define PACKAGE_URL ""
| #define PACKAGE "qcdnum"
| #define VERSION "18-00-00"
| #define FC_FUNC(name,NAME) name ## _
| #define FC_FUNC_(name,NAME) name ## _
| #define HAVE_STDIO_H 1
| #define HAVE_STDLIB_H 1
| #define HAVE_STRING_H 1
| #define HAVE_INTTYPES_H 1
| #define HAVE_STDINT_H 1
| #define HAVE_STRINGS_H 1
| #define HAVE_SYS_STAT_H 1
| #define HAVE_SYS_TYPES_H 1
| #define HAVE_UNISTD_H 1
| #define STDC_HEADERS 1
| #define HAVE_DLFCN_H 1
| #define LT_OBJDIR ".libs/"
| /* end confdefs.h.  */
| /* Define shl_load to an innocuous variant, in case <limits.h> declares shl_load.
|    For example, HP-UX 11i <limits.h> declares gettimeofday.  */
| #define shl_load innocuous_shl_load
| 
| /* System header to define __stub macros and hopefully few prototypes,
|    which can conflict with char shl_load (); below.  */
| 
| #include <limits.h>
| #undef shl_load
| 
| /* Override any GCC internal prototype to avoid an error.
|    Use char because int might match the return type of a GCC
|    builtin and then its argument prototype would still apply.  */
| #ifdef __cplusplus
| extern "C"
| #endif
| char shl_load ();
| /* The GNU C library defines this for functions which it implements
|     to always fail with ENOSYS.  Some functions are actually named
|     something starting with __ and the normal name is an alias.  */
| #if defined __stub_shl_load || defined __stub___shl_load
| choke me
| #endif
| 
| #ifdef FC_DUMMY_MAIN
| #ifndef FC_DUMMY_MAIN_EQ_F77
| #  ifdef __cplusplus
|      extern "C"
| #  endif
|    int FC_DUMMY_MAIN() { return 1; }
| #endif
| #endif
| int
| main (void)
| {
| return shl_load ();
|   ;
|   return 0;
| }
configure:13956: result: no
configure:13961: checking for shl_load in -ldld
configure:13992: /u/local/compilers/gcc/4.9.3/bin/gcc -std=gnu11 -o conftest -g -O2   conftest.c -ldld   >&5
/usr/bin/ld: cannot find -ldld
collect2: error: ld returned 1 exit status
configure:13992: $? = 1
configure: failed program was:
| /* confdefs.h */
| #define PACKAGE_NAME "QCDNUM"
| #define PACKAGE_TARNAME "qcdnum"
| #define PACKAGE_VERSION "18-00-00"
| #define PACKAGE_STRING "QCDNUM 18-00-00"
| #define PACKAGE_BUGREPORT "h24@nikhef.nl"
| #define PACKAGE_URL ""
| #define PACKAGE "qcdnum"
| #define VERSION "18-00-00"
| #define FC_FUNC(name,NAME) name ## _
| #define FC_FUNC_(name,NAME) name ## _
| #define HAVE_STDIO_H 1
| #define HAVE_STDLIB_H 1
| #define HAVE_STRING_H 1
| #define HAVE_INTTYPES_H 1
| #define HAVE_STDINT_H 1
| #define HAVE_STRINGS_H 1
| #define HAVE_SYS_STAT_H 1
| #define HAVE_SYS_TYPES_H 1
| #define HAVE_UNISTD_H 1
| #define STDC_HEADERS 1
| #define HAVE_DLFCN_H 1
| #define LT_OBJDIR ".libs/"
| /* end confdefs.h.  */
| 
| /* Override any GCC internal prototype to avoid an error.
|    Use char because int might match the return type of a GCC
|    builtin and then its argument prototype would still apply.  */
| char shl_load ();
| #ifdef FC_DUMMY_MAIN
| #ifndef FC_DUMMY_MAIN_EQ_F77
| #  ifdef __cplusplus
|      extern "C"
| #  endif
|    int FC_DUMMY_MAIN() { return 1; }
| #endif
| #endif
| int
| main (void)
| {
| return shl_load ();
|   ;
|   return 0;
| }
configure:14002: result: no
configure:14008: checking for dlopen
configure:14008: /u/local/compilers/gcc/4.9.3/bin/gcc -std=gnu11 -o conftest -g -O2   conftest.c  >&5
/tmp/cczxsBUV.o: In function `main':
/u/home/m/maxzhang/project-zkang/Nuclear-TMDs/AAKTXZ2023/QCDNUM/qcdnum-18-00-00/conftest.c:60: undefined reference to `dlopen'
collect2: error: ld returned 1 exit status
configure:14008: $? = 1
configure: failed program was:
| /* confdefs.h */
| #define PACKAGE_NAME "QCDNUM"
| #define PACKAGE_TARNAME "qcdnum"
| #define PACKAGE_VERSION "18-00-00"
| #define PACKAGE_STRING "QCDNUM 18-00-00"
| #define PACKAGE_BUGREPORT "h24@nikhef.nl"
| #define PACKAGE_URL ""
| #define PACKAGE "qcdnum"
| #define VERSION "18-00-00"
| #define FC_FUNC(name,NAME) name ## _
| #define FC_FUNC_(name,NAME) name ## _
| #define HAVE_STDIO_H 1
| #define HAVE_STDLIB_H 1
| #define HAVE_STRING_H 1
| #define HAVE_INTTYPES_H 1
| #define HAVE_STDINT_H 1
| #define HAVE_STRINGS_H 1
| #define HAVE_SYS_STAT_H 1
| #define HAVE_SYS_TYPES_H 1
| #define HAVE_UNISTD_H 1
| #define STDC_HEADERS 1
| #define HAVE_DLFCN_H 1
| #define LT_OBJDIR ".libs/"
| /* end confdefs.h.  */
| /* Define dlopen to an innocuous variant, in case <limits.h> declares dlopen.
|    For example, HP-UX 11i <limits.h> declares gettimeofday.  */
| #define dlopen innocuous_dlopen
| 
| /* System header to define __stub macros and hopefully few prototypes,
|    which can conflict with char dlopen (); below.  */
| 
| #include <limits.h>
| #undef dlopen
| 
| /* Override any GCC internal prototype to avoid an error.
|    Use char because int might match the return type of a GCC
|    builtin and then its argument prototype would still apply.  */
| #ifdef __cplusplus
| extern "C"
| #endif
| char dlopen ();
| /* The GNU C library defines this for functions which it implements
|     to always fail with ENOSYS.  Some functions are actually named
|     something starting with __ and the normal name is an alias.  */
| #if defined __stub_dlopen || defined __stub___dlopen
| choke me
| #endif
| 
| #ifdef FC_DUMMY_MAIN
| #ifndef FC_DUMMY_MAIN_EQ_F77
| #  ifdef __cplusplus
|      extern "C"
| #  endif
|    int FC_DUMMY_MAIN() { return 1; }
| #endif
| #endif
| int
| main (void)
| {
| return dlopen ();
|   ;
|   return 0;
| }
configure:14008: result: no
configure:14013: checking for dlopen in -ldl
configure:14044: /u/local/compilers/gcc/4.9.3/bin/gcc -std=gnu11 -o conftest -g -O2   conftest.c -ldl   >&5
configure:14044: $? = 0
configure:14054: result: yes
configure:14190: checking whether a program can dlopen itself
configure:14271: /u/local/compilers/gcc/4.9.3/bin/gcc -std=gnu11 -o conftest -g -O2  -DHAVE_DLFCN_H  -Wl,--export-dynamic conftest.c -ldl  >&5
configure:14274: $? = 0
configure:14292: result: yes
configure:14297: checking whether a statically linked program can dlopen itself
configure:14378: /u/local/compilers/gcc/4.9.3/bin/gcc -std=gnu11 -o conftest -g -O2  -DHAVE_DLFCN_H  -Wl,--export-dynamic  conftest.c -ldl  >&5
configure:14381: $? = 0
configure:14399: result: yes
configure:14438: checking whether stripping libraries is possible
configure:14443: result: yes
configure:14478: checking if libtool supports shared libraries
configure:14480: result: yes
configure:14483: checking whether to build shared libraries
configure:14508: result: yes
configure:14511: checking whether to build static libraries
configure:14515: result: yes
configure:14538: checking how to run the C++ preprocessor
configure:14560: /u/local/compilers/gcc/4.9.3/bin/g++ -E  conftest.cpp
configure:14560: $? = 0
configure:14575: /u/local/compilers/gcc/4.9.3/bin/g++ -E  conftest.cpp
conftest.cpp:25:28: fatal error: ac_nonexistent.h: No such file or directory
 #include <ac_nonexistent.h>
                            ^
compilation terminated.
configure:14575: $? = 1
configure: failed program was:
| /* confdefs.h */
| #define PACKAGE_NAME "QCDNUM"
| #define PACKAGE_TARNAME "qcdnum"
| #define PACKAGE_VERSION "18-00-00"
| #define PACKAGE_STRING "QCDNUM 18-00-00"
| #define PACKAGE_BUGREPORT "h24@nikhef.nl"
| #define PACKAGE_URL ""
| #define PACKAGE "qcdnum"
| #define VERSION "18-00-00"
| #define FC_FUNC(name,NAME) name ## _
| #define FC_FUNC_(name,NAME) name ## _
| #define HAVE_STDIO_H 1
| #define HAVE_STDLIB_H 1
| #define HAVE_STRING_H 1
| #define HAVE_INTTYPES_H 1
| #define HAVE_STDINT_H 1
| #define HAVE_STRINGS_H 1
| #define HAVE_SYS_STAT_H 1
| #define HAVE_SYS_TYPES_H 1
| #define HAVE_UNISTD_H 1
| #define STDC_HEADERS 1
| #define HAVE_DLFCN_H 1
| #define LT_OBJDIR ".libs/"
| /* end confdefs.h.  */
| #include <ac_nonexistent.h>
configure:14602: result: /u/local/compilers/gcc/4.9.3/bin/g++ -E
configure:14616: /u/local/compilers/gcc/4.9.3/bin/g++ -E  conftest.cpp
configure:14616: $? = 0
configure:14631: /u/local/compilers/gcc/4.9.3/bin/g++ -E  conftest.cpp
conftest.cpp:25:28: fatal error: ac_nonexistent.h: No such file or directory
 #include <ac_nonexistent.h>
                            ^
compilation terminated.
configure:14631: $? = 1
configure: failed program was:
| /* confdefs.h */
| #define PACKAGE_NAME "QCDNUM"
| #define PACKAGE_TARNAME "qcdnum"
| #define PACKAGE_VERSION "18-00-00"
| #define PACKAGE_STRING "QCDNUM 18-00-00"
| #define PACKAGE_BUGREPORT "h24@nikhef.nl"
| #define PACKAGE_URL ""
| #define PACKAGE "qcdnum"
| #define VERSION "18-00-00"
| #define FC_FUNC(name,NAME) name ## _
| #define FC_FUNC_(name,NAME) name ## _
| #define HAVE_STDIO_H 1
| #define HAVE_STDLIB_H 1
| #define HAVE_STRING_H 1
| #define HAVE_INTTYPES_H 1
| #define HAVE_STDINT_H 1
| #define HAVE_STRINGS_H 1
| #define HAVE_SYS_STAT_H 1
| #define HAVE_SYS_TYPES_H 1
| #define HAVE_UNISTD_H 1
| #define STDC_HEADERS 1
| #define HAVE_DLFCN_H 1
| #define LT_OBJDIR ".libs/"
| /* end confdefs.h.  */
| #include <ac_nonexistent.h>
configure:14796: checking for ld used by /u/local/compilers/gcc/4.9.3/bin/g++
configure:14864: result: /usr/bin/ld -m elf_x86_64
configure:14871: checking if the linker (/usr/bin/ld -m elf_x86_64) is GNU ld
configure:14887: result: yes
configure:14942: checking whether the /u/local/compilers/gcc/4.9.3/bin/g++ linker (/usr/bin/ld -m elf_x86_64) supports shared libraries
configure:16035: result: yes
configure:16071: /u/local/compilers/gcc/4.9.3/bin/g++ -c -g -O2  conftest.cpp >&5
configure:16074: $? = 0
configure:16555: checking for /u/local/compilers/gcc/4.9.3/bin/g++ option to produce PIC
configure:16563: result: -fPIC -DPIC
configure:16571: checking if /u/local/compilers/gcc/4.9.3/bin/g++ PIC flag -fPIC -DPIC works
configure:16590: /u/local/compilers/gcc/4.9.3/bin/g++ -c -g -O2  -fPIC -DPIC -DPIC conftest.cpp >&5
configure:16594: $? = 0
configure:16607: result: yes
configure:16630: checking if /u/local/compilers/gcc/4.9.3/bin/g++ static flag -static works
configure:16659: result: no
configure:16671: checking if /u/local/compilers/gcc/4.9.3/bin/g++ supports -c -o file.o
configure:16693: /u/local/compilers/gcc/4.9.3/bin/g++ -c -g -O2  -o out/conftest2.o conftest.cpp >&5
configure:16697: $? = 0
configure:16719: result: yes
configure:16724: checking if /u/local/compilers/gcc/4.9.3/bin/g++ supports -c -o file.o
configure:16772: result: yes
configure:16802: checking whether the /u/local/compilers/gcc/4.9.3/bin/g++ linker (/usr/bin/ld -m elf_x86_64) supports shared libraries
configure:16842: result: yes
configure:16984: checking dynamic linker characteristics
configure:17740: result: GNU/Linux ld.so
configure:17805: checking how to hardcode library paths into programs
configure:17830: result: immediate
configure:17976: checking if libtool supports shared libraries
configure:17978: result: yes
configure:17981: checking whether to build shared libraries
configure:18005: result: yes
configure:18008: checking whether to build static libraries
configure:18012: result: yes
configure:18046: gfortran -c -O3  -Iinc  conftest.f >&5
Warning: Nonexistent include directory "inc"
configure:18049: $? = 0
configure:18509: checking for gfortran option to produce PIC
configure:18517: result: -fPIC
configure:18525: checking if gfortran PIC flag -fPIC works
configure:18544: gfortran -c -O3  -Iinc -fPIC  conftest.f >&5
Warning: Nonexistent include directory "inc"
configure:18548: $? = 0
configure:18561: result: yes
configure:18584: checking if gfortran static flag -static works
configure:18613: result: no
configure:18625: checking if gfortran supports -c -o file.o
configure:18647: gfortran -c -O3  -Iinc -o out/conftest2.o  conftest.f >&5
Warning: Nonexistent include directory "inc"
configure:18651: $? = 0
configure:18673: result: yes
configure:18678: checking if gfortran supports -c -o file.o
configure:18726: result: yes
configure:18756: checking whether the gfortran linker (/usr/bin/ld -m elf_x86_64) supports shared libraries
configure:19971: result: yes
configure:20113: checking dynamic linker characteristics
configure:20855: result: GNU/Linux ld.so
configure:20920: checking how to hardcode library paths into programs
configure:20945: result: immediate
configure:21136: checking that generated files are newer than configure
configure:21142: result: done
configure:21173: creating ./config.status

## ---------------------- ##
## Running config.status. ##
## ---------------------- ##

This file was extended by QCDNUM config.status 18-00-00, which was
generated by GNU Autoconf 2.71.  Invocation command line was

  CONFIG_FILES    = 
  CONFIG_HEADERS  = 
  CONFIG_LINKS    = 
  CONFIG_COMMANDS = 
  $ ./config.status 

on login4

config.status:1233: creating Makefile
config.status:1233: creating CxxHead/Makefile
config.status:1233: creating CxxHead/QCDNUM/Makefile
config.status:1233: creating CxxWrap/Makefile
config.status:1233: creating mbutil/Makefile
config.status:1233: creating wstore/Makefile
config.status:1233: creating splint/Makefile
config.status:1233: creating qcdnum/Makefile
config.status:1233: creating zmstf/Makefile
config.status:1233: creating hqstf/Makefile
config.status:1233: creating lib/Makefile
config.status:1233: creating bin/Makefile
config.status:1233: creating bin/qcdnum-config
config.status:1233: creating CxxHead/QCDNUM/FortranWrappers.h
config.status:1414: CxxHead/QCDNUM/FortranWrappers.h is unchanged
config.status:1462: executing depfiles commands
config.status:1539: cd CxxWrap       && sed -e '/# am--include-marker/d' Makefile         | make -f - am--depfiles
make: Nothing to be done for `am--depfiles'.
config.status:1544: $? = 0
config.status:1462: executing libtool commands

## ---------------- ##
## Cache variables. ##
## ---------------- ##

ac_cv_build=x86_64-pc-linux-gnu
ac_cv_c_compiler_gnu=yes
ac_cv_cxx_compiler_gnu=yes
ac_cv_env_CCC_set=
ac_cv_env_CCC_value=
ac_cv_env_CC_set=set
ac_cv_env_CC_value=/u/local/compilers/gcc/4.9.3/bin/gcc
ac_cv_env_CFLAGS_set=
ac_cv_env_CFLAGS_value=
ac_cv_env_CPPFLAGS_set=
ac_cv_env_CPPFLAGS_value=
ac_cv_env_CXXCPP_set=
ac_cv_env_CXXCPP_value=
ac_cv_env_CXXFLAGS_set=
ac_cv_env_CXXFLAGS_value=
ac_cv_env_CXX_set=set
ac_cv_env_CXX_value=/u/local/compilers/gcc/4.9.3/bin/g++
ac_cv_env_FCFLAGS_set=
ac_cv_env_FCFLAGS_value=
ac_cv_env_FC_set=
ac_cv_env_FC_value=
ac_cv_env_LDFLAGS_set=
ac_cv_env_LDFLAGS_value=
ac_cv_env_LIBS_set=
ac_cv_env_LIBS_value=
ac_cv_env_LT_SYS_LIBRARY_PATH_set=
ac_cv_env_LT_SYS_LIBRARY_PATH_value=
ac_cv_env_build_alias_set=
ac_cv_env_build_alias_value=
ac_cv_env_host_alias_set=
ac_cv_env_host_alias_value=
ac_cv_env_target_alias_set=
ac_cv_env_target_alias_value=
ac_cv_fc_compiler_gnu=yes
ac_cv_fc_dummy_main=none
ac_cv_fc_libs=' -L/u/local/compilers/gcc/4.9.3/lib64/../lib64 -L/u/local/compilers/gcc/4.9.3/lib/../lib64 -L/u/local/compilers/gcc/4.9.3/lib/gcc/x86_64-unknown-linux-gnu/4.9.3 -L/u/local/compilers/gcc/4.9.3/lib/gcc/x86_64-unknown-linux-gnu/4.9.3/../../../../lib64 -L/lib/../lib64 -L/usr/lib/../lib64 -L/u/local/compilers/gcc/4.9.3/lib64 -L/u/local/compilers/gcc/4.9.3/lib -L/u/local/compilers/intel/2020.4/compilers_and_libraries_2020.4.304/linux/compiler/lib/intel64_lin -L/u/local/compilers/intel/2020.4/compilers_and_libraries_2020.4.304/linux/daal/../tbb/lib/intel64_lin/gcc4.8 -L/u/local/compilers/intel/2020.4/compilers_and_libraries_2020.4.304/linux/daal/lib/intel64_lin -L/u/local/compilers/intel/2020.4/compilers_and_libraries_2020.4.304/linux/ipp/../tbb/lib/intel64/gcc4.8 -L/u/local/compilers/intel/2020.4/compilers_and_libraries_2020.4.304/linux/ipp/lib/intel64 -L/u/local/compilers/intel/2020.4/compilers_and_libraries_2020.4.304/linux/mkl/lib/intel64_lin -L/u/local/compilers/intel/2020.4/compilers_and_libraries_2020.4.304/linux/mpi/intel64/lib -L/u/local/compilers/intel/2020.4/compilers_and_libraries_2020.4.304/linux/mpi/intel64/lib/release -L/u/local/compilers/intel/2020.4/compilers_and_libraries_2020.4.304/linux/mpi/intel64/libfabric/lib -L/u/local/compilers/intel/2020.4/compilers_and_libraries_2020.4.304/linux/tbb/lib/intel64/gcc4.8 -L/u/local/compilers/intel/2020.4/debugger_2020/libipt/intel64/lib -L/u/local/compilers/intel/2020.4/debugger_2020/python/intel64/lib -L/u/local/compilers/gcc/4.9.3/lib/gcc/x86_64-unknown-linux-gnu/4.9.3/../../.. -lgfortran -lm -lquadmath'
ac_cv_fc_mangling='lower case, underscore, no extra underscore'
ac_cv_fortran_dummy_main=none
ac_cv_func_dlopen=no
ac_cv_func_shl_load=no
ac_cv_header_dlfcn_h=yes
ac_cv_header_inttypes_h=yes
ac_cv_header_stdint_h=yes
ac_cv_header_stdio_h=yes
ac_cv_header_stdlib_h=yes
ac_cv_header_string_h=yes
ac_cv_header_strings_h=yes
ac_cv_header_sys_stat_h=yes
ac_cv_header_sys_types_h=yes
ac_cv_header_unistd_h=yes
ac_cv_host=x86_64-pc-linux-gnu
ac_cv_lib_dl_dlopen=yes
ac_cv_lib_dld_shl_load=no
ac_cv_objext=o
ac_cv_path_EGREP='/usr/bin/grep -E'
ac_cv_path_FGREP='/usr/bin/grep -F'
ac_cv_path_GREP=/usr/bin/grep
ac_cv_path_SED=/usr/bin/sed
ac_cv_path_install='/usr/bin/install -c'
ac_cv_path_lt_DD=/usr/bin/dd
ac_cv_path_mkdir=/usr/bin/mkdir
ac_cv_prog_AWK=gawk
ac_cv_prog_CXXCPP='/u/local/compilers/gcc/4.9.3/bin/g++ -E'
ac_cv_prog_ac_ct_AR=ar
ac_cv_prog_ac_ct_CC=/u/local/compilers/gcc/4.9.3/bin/gcc
ac_cv_prog_ac_ct_FC=gfortran
ac_cv_prog_ac_ct_OBJDUMP=objdump
ac_cv_prog_ac_ct_RANLIB=ranlib
ac_cv_prog_ac_ct_STRIP=strip
ac_cv_prog_cc_c11=-std=gnu11
ac_cv_prog_cc_g=yes
ac_cv_prog_cc_stdc=-std=gnu11
ac_cv_prog_cxx_11=no
ac_cv_prog_cxx_g=yes
ac_cv_prog_cxx_stdcxx=
ac_cv_prog_fc_g=yes
ac_cv_prog_fc_v=-v
ac_cv_prog_make_make_set=yes
am_cv_CC_dependencies_compiler_type=gcc3
am_cv_CXX_dependencies_compiler_type=gcc3
am_cv_make_support_nested_variables=yes
am_cv_prog_cc_c_o=yes
lt_cv_ar_at_file=@
lt_cv_archive_cmds_need_lc=no
lt_cv_deplibs_check_method=pass_all
lt_cv_dlopen=dlopen
lt_cv_dlopen_libs=-ldl
lt_cv_dlopen_self=yes
lt_cv_dlopen_self_static=yes
lt_cv_file_magic_cmd='$MAGIC_CMD'
lt_cv_file_magic_test_file=
lt_cv_ld_reload_flag=-r
lt_cv_nm_interface='BSD nm'
lt_cv_objdir=.libs
lt_cv_path_LD=/usr/bin/ld
lt_cv_path_LDCXX='/usr/bin/ld -m elf_x86_64'
lt_cv_path_NM='/usr/bin/nm -B'
lt_cv_path_mainfest_tool=no
lt_cv_prog_compiler_c_o=yes
lt_cv_prog_compiler_c_o_CXX=yes
lt_cv_prog_compiler_c_o_FC=yes
lt_cv_prog_compiler_pic='-fPIC -DPIC'
lt_cv_prog_compiler_pic_CXX='-fPIC -DPIC'
lt_cv_prog_compiler_pic_FC=-fPIC
lt_cv_prog_compiler_pic_works=yes
lt_cv_prog_compiler_pic_works_CXX=yes
lt_cv_prog_compiler_pic_works_FC=yes
lt_cv_prog_compiler_rtti_exceptions=no
lt_cv_prog_compiler_static_works=no
lt_cv_prog_compiler_static_works_CXX=no
lt_cv_prog_compiler_static_works_FC=no
lt_cv_prog_gnu_ld=yes
lt_cv_prog_gnu_ldcxx=yes
lt_cv_sharedlib_from_linklib_cmd='printf %s\n'
lt_cv_shlibpath_overrides_runpath=no
lt_cv_sys_global_symbol_pipe='sed -n -e '\''s/^.*[	 ]\([ABCDGIRSTW][ABCDGIRSTW]*\)[	 ][	 ]*\([_A-Za-z][_A-Za-z0-9]*\)$/\1 \2 \2/p'\'' | sed '\''/ __gnu_lto/d'\'''
lt_cv_sys_global_symbol_to_c_name_address='sed -n -e '\''s/^: \(.*\) .*$/  {"\1", (void *) 0},/p'\'' -e '\''s/^[ABCDGIRSTW][ABCDGIRSTW]* .* \(.*\)$/  {"\1", (void *) \&\1},/p'\'''
lt_cv_sys_global_symbol_to_c_name_address_lib_prefix='sed -n -e '\''s/^: \(.*\) .*$/  {"\1", (void *) 0},/p'\'' -e '\''s/^[ABCDGIRSTW][ABCDGIRSTW]* .* \(lib.*\)$/  {"\1", (void *) \&\1},/p'\'' -e '\''s/^[ABCDGIRSTW][ABCDGIRSTW]* .* \(.*\)$/  {"lib\1", (void *) \&\1},/p'\'''
lt_cv_sys_global_symbol_to_cdecl='sed -n -e '\''s/^T .* \(.*\)$/extern int \1();/p'\'' -e '\''s/^[ABCDGIRSTW][ABCDGIRSTW]* .* \(.*\)$/extern char \1;/p'\'''
lt_cv_sys_global_symbol_to_import=
lt_cv_sys_max_cmd_len=1572864
lt_cv_to_host_file_cmd=func_convert_file_noop
lt_cv_to_tool_file_cmd=func_convert_file_noop
lt_cv_truncate_bin='/usr/bin/dd bs=4096 count=1'

## ----------------- ##
## Output variables. ##
## ----------------- ##

ACLOCAL='${SHELL} '\''/u/home/m/maxzhang/project-zkang/Nuclear-TMDs/AAKTXZ2023/QCDNUM/qcdnum-18-00-00/missing'\'' aclocal-1.16'
AMDEPBACKSLASH='\'
AMDEP_FALSE='#'
AMDEP_TRUE=''
AMTAR='$${TAR-tar}'
AM_BACKSLASH='\'
AM_CPPFLAGS=' -I$(top_srcdir)/CxxHead -I$(top_builddir)/CxxHead -DDATA_PATH=${datarootdir} -DQCDNUM_VERSION=18-00-00 '
AM_CXXFLAGS=''
AM_DEFAULT_V='$(AM_DEFAULT_VERBOSITY)'
AM_DEFAULT_VERBOSITY='0'
AM_FFLAGS=''
AM_V='$(V)'
AR='ar'
AUTOCONF='${SHELL} '\''/u/home/m/maxzhang/project-zkang/Nuclear-TMDs/AAKTXZ2023/QCDNUM/qcdnum-18-00-00/missing'\'' autoconf'
AUTOHEADER='${SHELL} '\''/u/home/m/maxzhang/project-zkang/Nuclear-TMDs/AAKTXZ2023/QCDNUM/qcdnum-18-00-00/missing'\'' autoheader'
AUTOMAKE='${SHELL} '\''/u/home/m/maxzhang/project-zkang/Nuclear-TMDs/AAKTXZ2023/QCDNUM/qcdnum-18-00-00/missing'\'' automake-1.16'
AWK='gawk'
CC='/u/local/compilers/gcc/4.9.3/bin/gcc -std=gnu11'
CCDEPMODE='depmode=gcc3'
CFLAGS='-g -O2'
CPPFLAGS=''
CSCOPE='cscope'
CTAGS='ctags'
CXX='/u/local/compilers/gcc/4.9.3/bin/g++'
CXXCPP='/u/local/compilers/gcc/4.9.3/bin/g++ -E'
CXXDEPMODE='depmode=gcc3'
CXXFLAGS='-g -O2'
CYGPATH_W='echo'
DEFS='-DHAVE_CONFIG_H'
DEPDIR='.deps'
DLLTOOL='false'
DSYMUTIL=''
DUMPBIN=''
ECHO_C=''
ECHO_N='-n'
ECHO_T=''
EGREP='/usr/bin/grep -E'
ETAGS='etags'
EXEEXT=''
F77='gfortran'
FC='gfortran'
FCFLAGS='-O3  -Iinc'
FCLIBS=' -L/u/local/compilers/gcc/4.9.3/lib64/../lib64 -L/u/local/compilers/gcc/4.9.3/lib/../lib64 -L/u/local/compilers/gcc/4.9.3/lib/gcc/x86_64-unknown-linux-gnu/4.9.3 -L/u/local/compilers/gcc/4.9.3/lib/gcc/x86_64-unknown-linux-gnu/4.9.3/../../../../lib64 -L/lib/../lib64 -L/usr/lib/../lib64 -L/u/local/compilers/gcc/4.9.3/lib64 -L/u/local/compilers/gcc/4.9.3/lib -L/u/local/compilers/intel/2020.4/compilers_and_libraries_2020.4.304/linux/compiler/lib/intel64_lin -L/u/local/compilers/intel/2020.4/compilers_and_libraries_2020.4.304/linux/daal/../tbb/lib/intel64_lin/gcc4.8 -L/u/local/compilers/intel/2020.4/compilers_and_libraries_2020.4.304/linux/daal/lib/intel64_lin -L/u/local/compilers/intel/2020.4/compilers_and_libraries_2020.4.304/linux/ipp/../tbb/lib/intel64/gcc4.8 -L/u/local/compilers/intel/2020.4/compilers_and_libraries_2020.4.304/linux/ipp/lib/intel64 -L/u/local/compilers/intel/2020.4/compilers_and_libraries_2020.4.304/linux/mkl/lib/intel64_lin -L/u/local/compilers/intel/2020.4/compilers_and_libraries_2020.4.304/linux/mpi/intel64/lib -L/u/local/compilers/intel/2020.4/compilers_and_libraries_2020.4.304/linux/mpi/intel64/lib/release -L/u/local/compilers/intel/2020.4/compilers_and_libraries_2020.4.304/linux/mpi/intel64/libfabric/lib -L/u/local/compilers/intel/2020.4/compilers_and_libraries_2020.4.304/linux/tbb/lib/intel64/gcc4.8 -L/u/local/compilers/intel/2020.4/debugger_2020/libipt/intel64/lib -L/u/local/compilers/intel/2020.4/debugger_2020/python/intel64/lib -L/u/local/compilers/gcc/4.9.3/lib/gcc/x86_64-unknown-linux-gnu/4.9.3/../../.. -lgfortran -lm -lquadmath'
FFLAGS=' -O3  -Iinc'
FGREP='/usr/bin/grep -F'
GREP='/usr/bin/grep'
INSTALL_DATA='${INSTALL} -m 644'
INSTALL_PROGRAM='${INSTALL}'
INSTALL_SCRIPT='${INSTALL}'
INSTALL_STRIP_PROGRAM='$(install_sh) -c -s'
LD='/usr/bin/ld -m elf_x86_64'
LDFLAGS=''
LIBOBJS=''
LIBS=''
LIBTOOL='$(SHELL) $(top_builddir)/libtool'
LIPO=''
LN_S='ln -s'
LTLIBOBJS=''
LT_SYS_LIBRARY_PATH=''
MAINT='#'
MAINTAINER_MODE_FALSE=''
MAINTAINER_MODE_TRUE='#'
MAKEINFO='${SHELL} '\''/u/home/m/maxzhang/project-zkang/Nuclear-TMDs/AAKTXZ2023/QCDNUM/qcdnum-18-00-00/missing'\'' makeinfo'
MANIFEST_TOOL=':'
MKDIR_P='/usr/bin/mkdir -p'
NM='/usr/bin/nm -B'
NMEDIT=''
OBJDUMP='objdump'
OBJEXT='o'
OTOOL64=''
OTOOL=''
PACKAGE='qcdnum'
PACKAGE_BUGREPORT='h24@nikhef.nl'
PACKAGE_NAME='QCDNUM'
PACKAGE_STRING='QCDNUM 18-00-00'
PACKAGE_TARNAME='qcdnum'
PACKAGE_URL=''
PACKAGE_VERSION='18-00-00'
PATH_SEPARATOR=':'
RANLIB='ranlib'
SED='/usr/bin/sed'
SET_MAKE=''
SHELL='/bin/sh'
STRIP='strip'
VERSION='18-00-00'
ac_ct_AR='ar'
ac_ct_CC='/u/local/compilers/gcc/4.9.3/bin/gcc'
ac_ct_CXX=''
ac_ct_DUMPBIN=''
ac_ct_FC='gfortran'
am__EXEEXT_FALSE=''
am__EXEEXT_TRUE='#'
am__fastdepCC_FALSE='#'
am__fastdepCC_TRUE=''
am__fastdepCXX_FALSE='#'
am__fastdepCXX_TRUE=''
am__include='include'
am__isrc=''
am__leading_dot='.'
am__nodep='_no'
am__quote=''
am__tar='$${TAR-tar} chof - "$$tardir"'
am__untar='$${TAR-tar} xf -'
bindir='${exec_prefix}/bin'
build='x86_64-pc-linux-gnu'
build_alias=''
build_cpu='x86_64'
build_os='linux-gnu'
build_vendor='pc'
datadir='${datarootdir}'
datarootdir='${prefix}/share'
docdir='${datarootdir}/doc/${PACKAGE_TARNAME}'
dvidir='${docdir}'
exec_prefix='${prefix}'
host='x86_64-pc-linux-gnu'
host_alias=''
host_cpu='x86_64'
host_os='linux-gnu'
host_vendor='pc'
htmldir='${docdir}'
includedir='${prefix}/include'
infodir='${datarootdir}/info'
install_sh='${SHELL} /u/home/m/maxzhang/project-zkang/Nuclear-TMDs/AAKTXZ2023/QCDNUM/qcdnum-18-00-00/install-sh'
libdir='${exec_prefix}/lib'
libexecdir='${exec_prefix}/libexec'
localedir='${datarootdir}/locale'
localstatedir='${prefix}/var'
mandir='${datarootdir}/man'
mkdir_p='$(MKDIR_P)'
oldincludedir='/usr/include'
pdfdir='${docdir}'
prefix='/u/home/m/maxzhang/project-zkang/Nuclear-TMDs/..'
program_transform_name='s,x,x,'
psdir='${docdir}'
runstatedir='${localstatedir}/run'
sbindir='${exec_prefix}/sbin'
sharedstatedir='${prefix}/com'
sysconfdir='${prefix}/etc'
target_alias=''

## ----------- ##
## confdefs.h. ##
## ----------- ##

/* confdefs.h */
#define PACKAGE_NAME "QCDNUM"
#define PACKAGE_TARNAME "qcdnum"
#define PACKAGE_VERSION "18-00-00"
#define PACKAGE_STRING "QCDNUM 18-00-00"
#define PACKAGE_BUGREPORT "h24@nikhef.nl"
#define PACKAGE_URL ""
#define PACKAGE "qcdnum"
#define VERSION "18-00-00"
#define FC_FUNC(name,NAME) name ## _
#define FC_FUNC_(name,NAME) name ## _
#define HAVE_STDIO_H 1
#define HAVE_STDLIB_H 1
#define HAVE_STRING_H 1
#define HAVE_INTTYPES_H 1
#define HAVE_STDINT_H 1
#define HAVE_STRINGS_H 1
#define HAVE_SYS_STAT_H 1
#define HAVE_SYS_TYPES_H 1
#define HAVE_UNISTD_H 1
#define STDC_HEADERS 1
#define HAVE_DLFCN_H 1
#define LT_OBJDIR ".libs/"

configure: exit 0
